[ 2016-10-21T09:14:56+08:00 ] 127.0.0.1 /yuwan/index.php?c=api&a=getADList&pageNo=1&pageSize=10&city=%E6%B4%9B%E9%98%B3%E5%B8%82
INFO: [ app_init ] --START--
INFO: Run Behavior\BuildLiteBehavior [ RunTime:0.001000s ]
INFO: [ app_init ] --END-- [ RunTime:0.001000s ]
INFO: [ app_begin ] --START--
INFO: Run Behavior\ReadHtmlCacheBehavior [ RunTime:0.001000s ]
INFO: [ app_begin ] --END-- [ RunTime:0.001000s ]
SQL: SHOW COLUMNS FROM `yw_slider` [ RunTime:0.0020s ]
SQL: SELECT a.title,a.content as `description`,a.images,a.add_time as `addTime`,a.game_id,a.war_id as `gameDeskId`,c.id as `netbarId`,c.title as `netbarName`,b.address as `netbarAddress`,e.title as `gameName` FROM yw_slider a LEFT JOIN yw_user b ON a.netbar_id = b.id LEFT JOIN yw_user_netbar c ON b.id = c.user_id LEFT JOIN yw_region d ON b.region_id = d.region_id LEFT JOIN yw_war e ON a.war_id = e.id  WHERE ( b.user_type = 'netbar' AND d.region_name LIKE '%洛阳市%' ) LIMIT 0,10   [ RunTime:0.0020s ]
NOTIC: [8] Undefined index: add_time E:\wamp\www\yuwan\Application\App\Controller\ApiController.class.php 第 2914 行.
NOTIC: [8] Undefined index: gameDeskId E:\wamp\www\yuwan\Application\App\Controller\ApiController.class.php 第 2915 行.
NOTIC: [8] Undefined index: gameName E:\wamp\www\yuwan\Application\App\Controller\ApiController.class.php 第 2916 行.
NOTIC: [8] Undefined index: netbarAddress E:\wamp\www\yuwan\Application\App\Controller\ApiController.class.php 第 2917 行.
NOTIC: [8] Undefined index: netbarName E:\wamp\www\yuwan\Application\App\Controller\ApiController.class.php 第 2918 行.
NOTIC: [8] Undefined index: netbarId E:\wamp\www\yuwan\Application\App\Controller\ApiController.class.php 第 2919 行.
NOTIC: [8] Undefined index: add_time E:\wamp\www\yuwan\Application\App\Controller\ApiController.class.php 第 2914 行.
NOTIC: [8] Undefined index: gameDeskId E:\wamp\www\yuwan\Application\App\Controller\ApiController.class.php 第 2915 行.
NOTIC: [8] Undefined index: gameName E:\wamp\www\yuwan\Application\App\Controller\ApiController.class.php 第 2916 行.
NOTIC: [8] Undefined index: netbarAddress E:\wamp\www\yuwan\Application\App\Controller\ApiController.class.php 第 2917 行.
NOTIC: [8] Undefined index: netbarName E:\wamp\www\yuwan\Application\App\Controller\ApiController.class.php 第 2918 行.
NOTIC: [8] Undefined index: netbarId E:\wamp\www\yuwan\Application\App\Controller\ApiController.class.php 第 2919 行.

[ 2016-10-21T09:14:58+08:00 ] 127.0.0.1 /yuwan/index.php?c=api&a=getADList&pageNo=1&pageSize=10&city=%E6%B4%9B%E9%98%B3%E5%B8%82
INFO: [ app_init ] --START--
INFO: Run Behavior\BuildLiteBehavior [ RunTime:0.000000s ]
INFO: [ app_init ] --END-- [ RunTime:0.001000s ]
INFO: [ app_begin ] --START--
INFO: Run Behavior\ReadHtmlCacheBehavior [ RunTime:0.001000s ]
INFO: [ app_begin ] --END-- [ RunTime:0.001000s ]
SQL: SHOW COLUMNS FROM `yw_slider` [ RunTime:0.0020s ]
SQL: SELECT a.title,a.content as `description`,a.images,a.add_time as `addTime`,a.game_id,a.war_id as `gameDeskId`,c.id as `netbarId`,c.title as `netbarName`,b.address as `netbarAddress`,e.title as `gameName` FROM yw_slider a LEFT JOIN yw_user b ON a.netbar_id = b.id LEFT JOIN yw_user_netbar c ON b.id = c.user_id LEFT JOIN yw_region d ON b.region_id = d.region_id LEFT JOIN yw_war e ON a.war_id = e.id  WHERE ( b.user_type = 'netbar' AND d.region_name LIKE '%洛阳市%' ) LIMIT 0,10   [ RunTime:0.0020s ]
NOTIC: [8] Undefined index: add_time E:\wamp\www\yuwan\Application\App\Controller\ApiController.class.php 第 2914 行.
NOTIC: [8] Undefined index: gameDeskId E:\wamp\www\yuwan\Application\App\Controller\ApiController.class.php 第 2915 行.
NOTIC: [8] Undefined index: gameName E:\wamp\www\yuwan\Application\App\Controller\ApiController.class.php 第 2916 行.
NOTIC: [8] Undefined index: netbarAddress E:\wamp\www\yuwan\Application\App\Controller\ApiController.class.php 第 2917 行.
NOTIC: [8] Undefined index: netbarName E:\wamp\www\yuwan\Application\App\Controller\ApiController.class.php 第 2918 行.
NOTIC: [8] Undefined index: netbarId E:\wamp\www\yuwan\Application\App\Controller\ApiController.class.php 第 2919 行.
NOTIC: [8] Undefined index: add_time E:\wamp\www\yuwan\Application\App\Controller\ApiController.class.php 第 2914 行.
NOTIC: [8] Undefined index: gameDeskId E:\wamp\www\yuwan\Application\App\Controller\ApiController.class.php 第 2915 行.
NOTIC: [8] Undefined index: gameName E:\wamp\www\yuwan\Application\App\Controller\ApiController.class.php 第 2916 行.
NOTIC: [8] Undefined index: netbarAddress E:\wamp\www\yuwan\Application\App\Controller\ApiController.class.php 第 2917 行.
NOTIC: [8] Undefined index: netbarName E:\wamp\www\yuwan\Application\App\Controller\ApiController.class.php 第 2918 行.
NOTIC: [8] Undefined index: netbarId E:\wamp\www\yuwan\Application\App\Controller\ApiController.class.php 第 2919 行.

[ 2016-10-21T09:14:58+08:00 ] 127.0.0.1 /yuwan/index.php?c=api&a=getADList&pageNo=1&pageSize=10&city=%E6%B4%9B%E9%98%B3%E5%B8%82
INFO: [ app_init ] --START--
INFO: Run Behavior\BuildLiteBehavior [ RunTime:0.000000s ]
INFO: [ app_init ] --END-- [ RunTime:0.002000s ]
INFO: [ app_begin ] --START--
INFO: Run Behavior\ReadHtmlCacheBehavior [ RunTime:0.001000s ]
INFO: [ app_begin ] --END-- [ RunTime:0.001000s ]
SQL: SHOW COLUMNS FROM `yw_slider` [ RunTime:0.0030s ]
SQL: SELECT a.title,a.content as `description`,a.images,a.add_time as `addTime`,a.game_id,a.war_id as `gameDeskId`,c.id as `netbarId`,c.title as `netbarName`,b.address as `netbarAddress`,e.title as `gameName` FROM yw_slider a LEFT JOIN yw_user b ON a.netbar_id = b.id LEFT JOIN yw_user_netbar c ON b.id = c.user_id LEFT JOIN yw_region d ON b.region_id = d.region_id LEFT JOIN yw_war e ON a.war_id = e.id  WHERE ( b.user_type = 'netbar' AND d.region_name LIKE '%洛阳市%' ) LIMIT 0,10   [ RunTime:0.0010s ]
NOTIC: [8] Undefined index: add_time E:\wamp\www\yuwan\Application\App\Controller\ApiController.class.php 第 2914 行.
NOTIC: [8] Undefined index: gameDeskId E:\wamp\www\yuwan\Application\App\Controller\ApiController.class.php 第 2915 行.
NOTIC: [8] Undefined index: gameName E:\wamp\www\yuwan\Application\App\Controller\ApiController.class.php 第 2916 行.
NOTIC: [8] Undefined index: netbarAddress E:\wamp\www\yuwan\Application\App\Controller\ApiController.class.php 第 2917 行.
NOTIC: [8] Undefined index: netbarName E:\wamp\www\yuwan\Application\App\Controller\ApiController.class.php 第 2918 行.
NOTIC: [8] Undefined index: netbarId E:\wamp\www\yuwan\Application\App\Controller\ApiController.class.php 第 2919 行.
NOTIC: [8] Undefined index: add_time E:\wamp\www\yuwan\Application\App\Controller\ApiController.class.php 第 2914 行.
NOTIC: [8] Undefined index: gameDeskId E:\wamp\www\yuwan\Application\App\Controller\ApiController.class.php 第 2915 行.
NOTIC: [8] Undefined index: gameName E:\wamp\www\yuwan\Application\App\Controller\ApiController.class.php 第 2916 行.
NOTIC: [8] Undefined index: netbarAddress E:\wamp\www\yuwan\Application\App\Controller\ApiController.class.php 第 2917 行.
NOTIC: [8] Undefined index: netbarName E:\wamp\www\yuwan\Application\App\Controller\ApiController.class.php 第 2918 行.
NOTIC: [8] Undefined index: netbarId E:\wamp\www\yuwan\Application\App\Controller\ApiController.class.php 第 2919 行.

[ 2016-10-21T09:14:59+08:00 ] 127.0.0.1 /yuwan/index.php?c=api&a=getADList&pageNo=1&pageSize=10&city=%E6%B4%9B%E9%98%B3%E5%B8%82
INFO: [ app_init ] --START--
INFO: Run Behavior\BuildLiteBehavior [ RunTime:0.000000s ]
INFO: [ app_init ] --END-- [ RunTime:0.001001s ]
INFO: [ app_begin ] --START--
INFO: Run Behavior\ReadHtmlCacheBehavior [ RunTime:0.001000s ]
INFO: [ app_begin ] --END-- [ RunTime:0.002000s ]
SQL: SHOW COLUMNS FROM `yw_slider` [ RunTime:0.0020s ]
SQL: SELECT a.title,a.content as `description`,a.images,a.add_time as `addTime`,a.game_id,a.war_id as `gameDeskId`,c.id as `netbarId`,c.title as `netbarName`,b.address as `netbarAddress`,e.title as `gameName` FROM yw_slider a LEFT JOIN yw_user b ON a.netbar_id = b.id LEFT JOIN yw_user_netbar c ON b.id = c.user_id LEFT JOIN yw_region d ON b.region_id = d.region_id LEFT JOIN yw_war e ON a.war_id = e.id  WHERE ( b.user_type = 'netbar' AND d.region_name LIKE '%洛阳市%' ) LIMIT 0,10   [ RunTime:0.0010s ]
NOTIC: [8] Undefined index: add_time E:\wamp\www\yuwan\Application\App\Controller\ApiController.class.php 第 2914 行.
NOTIC: [8] Undefined index: gameDeskId E:\wamp\www\yuwan\Application\App\Controller\ApiController.class.php 第 2915 行.
NOTIC: [8] Undefined index: gameName E:\wamp\www\yuwan\Application\App\Controller\ApiController.class.php 第 2916 行.
NOTIC: [8] Undefined index: netbarAddress E:\wamp\www\yuwan\Application\App\Controller\ApiController.class.php 第 2917 行.
NOTIC: [8] Undefined index: netbarName E:\wamp\www\yuwan\Application\App\Controller\ApiController.class.php 第 2918 行.
NOTIC: [8] Undefined index: netbarId E:\wamp\www\yuwan\Application\App\Controller\ApiController.class.php 第 2919 行.
NOTIC: [8] Undefined index: add_time E:\wamp\www\yuwan\Application\App\Controller\ApiController.class.php 第 2914 行.
NOTIC: [8] Undefined index: gameDeskId E:\wamp\www\yuwan\Application\App\Controller\ApiController.class.php 第 2915 行.
NOTIC: [8] Undefined index: gameName E:\wamp\www\yuwan\Application\App\Controller\ApiController.class.php 第 2916 行.
NOTIC: [8] Undefined index: netbarAddress E:\wamp\www\yuwan\Application\App\Controller\ApiController.class.php 第 2917 行.
NOTIC: [8] Undefined index: netbarName E:\wamp\www\yuwan\Application\App\Controller\ApiController.class.php 第 2918 行.
NOTIC: [8] Undefined index: netbarId E:\wamp\www\yuwan\Application\App\Controller\ApiController.class.php 第 2919 行.

[ 2016-10-21T09:15:00+08:00 ] 127.0.0.1 /yuwan/index.php?c=api&a=getADList&pageNo=1&pageSize=10&city=%E6%B4%9B%E9%98%B3%E5%B8%82
INFO: [ app_init ] --START--
INFO: Run Behavior\BuildLiteBehavior [ RunTime:0.000000s ]
INFO: [ app_init ] --END-- [ RunTime:0.001000s ]
INFO: [ app_begin ] --START--
INFO: Run Behavior\ReadHtmlCacheBehavior [ RunTime:0.001000s ]
INFO: [ app_begin ] --END-- [ RunTime:0.002000s ]
SQL: SHOW COLUMNS FROM `yw_slider` [ RunTime:0.0010s ]
SQL: SELECT a.title,a.content as `description`,a.images,a.add_time as `addTime`,a.game_id,a.war_id as `gameDeskId`,c.id as `netbarId`,c.title as `netbarName`,b.address as `netbarAddress`,e.title as `gameName` FROM yw_slider a LEFT JOIN yw_user b ON a.netbar_id = b.id LEFT JOIN yw_user_netbar c ON b.id = c.user_id LEFT JOIN yw_region d ON b.region_id = d.region_id LEFT JOIN yw_war e ON a.war_id = e.id  WHERE ( b.user_type = 'netbar' AND d.region_name LIKE '%洛阳市%' ) LIMIT 0,10   [ RunTime:0.0030s ]
NOTIC: [8] Undefined index: add_time E:\wamp\www\yuwan\Application\App\Controller\ApiController.class.php 第 2914 行.
NOTIC: [8] Undefined index: gameDeskId E:\wamp\www\yuwan\Application\App\Controller\ApiController.class.php 第 2915 行.
NOTIC: [8] Undefined index: gameName E:\wamp\www\yuwan\Application\App\Controller\ApiController.class.php 第 2916 行.
NOTIC: [8] Undefined index: netbarAddress E:\wamp\www\yuwan\Application\App\Controller\ApiController.class.php 第 2917 行.
NOTIC: [8] Undefined index: netbarName E:\wamp\www\yuwan\Application\App\Controller\ApiController.class.php 第 2918 行.
NOTIC: [8] Undefined index: netbarId E:\wamp\www\yuwan\Application\App\Controller\ApiController.class.php 第 2919 行.
NOTIC: [8] Undefined index: add_time E:\wamp\www\yuwan\Application\App\Controller\ApiController.class.php 第 2914 行.
NOTIC: [8] Undefined index: gameDeskId E:\wamp\www\yuwan\Application\App\Controller\ApiController.class.php 第 2915 行.
NOTIC: [8] Undefined index: gameName E:\wamp\www\yuwan\Application\App\Controller\ApiController.class.php 第 2916 行.
NOTIC: [8] Undefined index: netbarAddress E:\wamp\www\yuwan\Application\App\Controller\ApiController.class.php 第 2917 行.
NOTIC: [8] Undefined index: netbarName E:\wamp\www\yuwan\Application\App\Controller\ApiController.class.php 第 2918 行.
NOTIC: [8] Undefined index: netbarId E:\wamp\www\yuwan\Application\App\Controller\ApiController.class.php 第 2919 行.

[ 2016-10-21T09:15:15+08:00 ] 127.0.0.1 /yuwan/index.php?c=api&a=getADList&pageNo=1&pageSize=10&city=%E6%B4%9B%E9%98%B3%E5%B8%82
INFO: [ app_init ] --START--
INFO: Run Behavior\BuildLiteBehavior [ RunTime:0.000000s ]
INFO: [ app_init ] --END-- [ RunTime:0.001000s ]
INFO: [ app_begin ] --START--
INFO: Run Behavior\ReadHtmlCacheBehavior [ RunTime:0.000000s ]
INFO: [ app_begin ] --END-- [ RunTime:0.000000s ]
SQL: SHOW COLUMNS FROM `yw_slider` [ RunTime:0.0020s ]
SQL: SELECT a.title,a.content as `description`,a.images,a.add_time as `addTime`,a.game_id,a.war_id as `gameDeskId`,c.id as `netbarId`,c.title as `netbarName`,b.address as `netbarAddress`,e.title as `gameName` FROM yw_slider a LEFT JOIN yw_user b ON a.netbar_id = b.id LEFT JOIN yw_user_netbar c ON b.id = c.user_id LEFT JOIN yw_region d ON b.region_id = d.region_id LEFT JOIN yw_war e ON a.war_id = e.id  WHERE ( b.user_type = 'netbar' AND d.region_name LIKE '%洛阳市%' ) LIMIT 0,10   [ RunTime:0.0020s ]
NOTIC: [8] Undefined index: add_time E:\wamp\www\yuwan\Application\App\Controller\ApiController.class.php 第 2914 行.
NOTIC: [8] Undefined index: gameDeskId E:\wamp\www\yuwan\Application\App\Controller\ApiController.class.php 第 2915 行.
NOTIC: [8] Undefined index: gameName E:\wamp\www\yuwan\Application\App\Controller\ApiController.class.php 第 2916 行.
NOTIC: [8] Undefined index: netbarAddress E:\wamp\www\yuwan\Application\App\Controller\ApiController.class.php 第 2917 行.
NOTIC: [8] Undefined index: netbarName E:\wamp\www\yuwan\Application\App\Controller\ApiController.class.php 第 2918 行.
NOTIC: [8] Undefined index: netbarId E:\wamp\www\yuwan\Application\App\Controller\ApiController.class.php 第 2919 行.
NOTIC: [8] Undefined index: add_time E:\wamp\www\yuwan\Application\App\Controller\ApiController.class.php 第 2914 行.
NOTIC: [8] Undefined index: gameDeskId E:\wamp\www\yuwan\Application\App\Controller\ApiController.class.php 第 2915 行.
NOTIC: [8] Undefined index: gameName E:\wamp\www\yuwan\Application\App\Controller\ApiController.class.php 第 2916 行.
NOTIC: [8] Undefined index: netbarAddress E:\wamp\www\yuwan\Application\App\Controller\ApiController.class.php 第 2917 行.
NOTIC: [8] Undefined index: netbarName E:\wamp\www\yuwan\Application\App\Controller\ApiController.class.php 第 2918 行.
NOTIC: [8] Undefined index: netbarId E:\wamp\www\yuwan\Application\App\Controller\ApiController.class.php 第 2919 行.

