[ 2016-11-15T11:43:43+08:00 ] 127.0.0.1 /yuwan/admin.php
INFO: [ app_init ] --START--
INFO: Run Behavior\BuildLiteBehavior [ RunTime:0.000039s ]
INFO: [ app_init ] --END-- [ RunTime:0.000885s ]
INFO: [ app_begin ] --START--
INFO: Run Behavior\ReadHtmlCacheBehavior [ RunTime:0.001362s ]
INFO: [ app_begin ] --END-- [ RunTime:0.001526s ]

[ 2016-11-15T11:43:43+08:00 ] 127.0.0.1 /yuwan/admin.php?m=Admin&c=auth&a=login
INFO: [ app_init ] --START--
INFO: Run Behavior\BuildLiteBehavior [ RunTime:0.000034s ]
INFO: [ app_init ] --END-- [ RunTime:0.000812s ]
INFO: [ app_begin ] --START--
INFO: Run Behavior\ReadHtmlCacheBehavior [ RunTime:0.001448s ]
INFO: [ app_begin ] --END-- [ RunTime:0.001631s ]
NOTIC: [8] Undefined variable: redirect_url E:\wamp\www\yuwan\Application\Admin\Controller\AuthController.class.php 第 120 行.
INFO: [ view_parse ] --START--
INFO: [ template_filter ] --START--
INFO: Run Behavior\ContentReplaceBehavior [ RunTime:0.000124s ]
INFO: [ template_filter ] --END-- [ RunTime:0.000305s ]
NOTIC: [8] Undefined variable: site_title E:\wamp\www\yuwan\Application\Runtime\Cache\Admin\dcfb7ddaab59bfbce2ddc9c860debad0.php 第 85 行.
NOTIC: [8] Undefined variable: meta_title E:\wamp\www\yuwan\Application\Runtime\Cache\Admin\dcfb7ddaab59bfbce2ddc9c860debad0.php 第 95 行.
NOTIC: [8] Undefined variable: error E:\wamp\www\yuwan\Application\Runtime\Cache\Admin\dcfb7ddaab59bfbce2ddc9c860debad0.php 第 116 行.
INFO: Run Behavior\ParseTemplateBehavior [ RunTime:0.026808s ]
INFO: [ view_parse ] --END-- [ RunTime:0.026973s ]
INFO: [ view_filter ] --START--
INFO: Run Behavior\WriteHtmlCacheBehavior [ RunTime:0.001091s ]
INFO: [ view_filter ] --END-- [ RunTime:0.001239s ]
INFO: [ app_end ] --START--
INFO: Run Behavior\ShowPageTraceBehavior [ RunTime:0.001437s ]
INFO: [ app_end ] --END-- [ RunTime:0.001578s ]

[ 2016-11-15T11:43:44+08:00 ] 127.0.0.1 /yuwan/admin.php?m=Admin&c=auth&a=verify
INFO: [ app_init ] --START--
INFO: Run Behavior\BuildLiteBehavior [ RunTime:0.000038s ]
INFO: [ app_init ] --END-- [ RunTime:0.000876s ]
INFO: [ app_begin ] --START--
INFO: Run Behavior\ReadHtmlCacheBehavior [ RunTime:0.001447s ]
INFO: [ app_begin ] --END-- [ RunTime:0.001629s ]
INFO: [ app_end ] --START--
INFO: Run Behavior\ShowPageTraceBehavior [ RunTime:0.001554s ]
INFO: [ app_end ] --END-- [ RunTime:0.001746s ]

[ 2016-11-15T11:43:54+08:00 ] 127.0.0.1 /yuwan/admin.php?m=Admin&c=auth&a=verify&t=1479181433984
INFO: [ app_init ] --START--
INFO: Run Behavior\BuildLiteBehavior [ RunTime:0.000038s ]
INFO: [ app_init ] --END-- [ RunTime:0.000749s ]
INFO: [ app_begin ] --START--
INFO: Run Behavior\ReadHtmlCacheBehavior [ RunTime:0.001198s ]
INFO: [ app_begin ] --END-- [ RunTime:0.001370s ]
INFO: [ app_end ] --START--
INFO: Run Behavior\ShowPageTraceBehavior [ RunTime:0.001406s ]
INFO: [ app_end ] --END-- [ RunTime:0.001611s ]

[ 2016-11-15T11:43:55+08:00 ] 127.0.0.1 /yuwan/admin.php?m=Admin&c=auth&a=verify&t=1479181435084
INFO: [ app_init ] --START--
INFO: Run Behavior\BuildLiteBehavior [ RunTime:0.000033s ]
INFO: [ app_init ] --END-- [ RunTime:0.000718s ]
INFO: [ app_begin ] --START--
INFO: Run Behavior\ReadHtmlCacheBehavior [ RunTime:0.001130s ]
INFO: [ app_begin ] --END-- [ RunTime:0.001323s ]
INFO: [ app_end ] --START--
INFO: Run Behavior\ShowPageTraceBehavior [ RunTime:0.001167s ]
INFO: [ app_end ] --END-- [ RunTime:0.001338s ]

[ 2016-11-15T11:43:56+08:00 ] 127.0.0.1 /yuwan/admin.php?m=Admin&c=auth&a=verify&t=1479181435931
INFO: [ app_init ] --START--
INFO: Run Behavior\BuildLiteBehavior [ RunTime:0.000034s ]
INFO: [ app_init ] --END-- [ RunTime:0.000726s ]
INFO: [ app_begin ] --START--
INFO: Run Behavior\ReadHtmlCacheBehavior [ RunTime:0.001087s ]
INFO: [ app_begin ] --END-- [ RunTime:0.001246s ]
INFO: [ app_end ] --START--
INFO: Run Behavior\ShowPageTraceBehavior [ RunTime:0.001710s ]
INFO: [ app_end ] --END-- [ RunTime:0.001946s ]

[ 2016-11-15T11:43:57+08:00 ] 127.0.0.1 /yuwan/admin.php?m=Admin&c=auth&a=verify&t=1479181437173
INFO: [ app_init ] --START--
INFO: Run Behavior\BuildLiteBehavior [ RunTime:0.000037s ]
INFO: [ app_init ] --END-- [ RunTime:0.000796s ]
INFO: [ app_begin ] --START--
INFO: Run Behavior\ReadHtmlCacheBehavior [ RunTime:0.001474s ]
INFO: [ app_begin ] --END-- [ RunTime:0.001646s ]
INFO: [ app_end ] --START--
INFO: Run Behavior\ShowPageTraceBehavior [ RunTime:0.001168s ]
INFO: [ app_end ] --END-- [ RunTime:0.001339s ]

[ 2016-11-15T11:43:58+08:00 ] 127.0.0.1 /yuwan/admin.php?m=Admin&c=auth&a=verify&t=1479181438084
INFO: [ app_init ] --START--
INFO: Run Behavior\BuildLiteBehavior [ RunTime:0.000036s ]
INFO: [ app_init ] --END-- [ RunTime:0.000796s ]
INFO: [ app_begin ] --START--
INFO: Run Behavior\ReadHtmlCacheBehavior [ RunTime:0.001093s ]
INFO: [ app_begin ] --END-- [ RunTime:0.001251s ]
INFO: [ app_end ] --START--
INFO: Run Behavior\ShowPageTraceBehavior [ RunTime:0.001163s ]
INFO: [ app_end ] --END-- [ RunTime:0.001338s ]

[ 2016-11-15T11:44:03+08:00 ] 127.0.0.1 /yuwan/admin.php?m=Admin&c=auth&a=login
INFO: [ app_init ] --START--
INFO: Run Behavior\BuildLiteBehavior [ RunTime:0.000039s ]
INFO: [ app_init ] --END-- [ RunTime:0.000768s ]
INFO: [ app_begin ] --START--
INFO: Run Behavior\ReadHtmlCacheBehavior [ RunTime:0.001099s ]
INFO: [ app_begin ] --END-- [ RunTime:0.001274s ]
SQL: SHOW COLUMNS FROM `yw_admin` [ RunTime:0.0214s ]
SQL: SELECT * FROM `yw_admin` WHERE `name` = 'admin' LIMIT 1   [ RunTime:0.0005s ]
SQL: UPDATE `yw_admin` SET `last_time`='2016-11-15 11:44:03' WHERE `id` = 25 [ RunTime:0.0004s ]
NOTIC: [8] Undefined index: real_name E:\wamp\www\yuwan\Application\Admin\Controller\AuthController.class.php 第 97 行.

[ 2016-11-15T11:44:03+08:00 ] 127.0.0.1 /yuwan/admin.php?m=Admin&c=index&a=index
INFO: [ app_init ] --START--
INFO: Run Behavior\BuildLiteBehavior [ RunTime:0.000036s ]
INFO: [ app_init ] --END-- [ RunTime:0.000722s ]
INFO: [ app_begin ] --START--
INFO: Run Behavior\ReadHtmlCacheBehavior [ RunTime:0.002147s ]
INFO: [ app_begin ] --END-- [ RunTime:0.002441s ]
SQL: SHOW COLUMNS FROM `yw_admin` [ RunTime:0.0059s ]
SQL: SELECT * FROM `yw_admin` WHERE ( id=25 ) LIMIT 1   [ RunTime:0.0004s ]
SQL: SHOW COLUMNS FROM `yw_admin_role_priv` [ RunTime:0.0054s ]
SQL: SELECT * FROM `yw_admin_role_priv` WHERE ( role_id=30 ) LIMIT 1   [ RunTime:0.0004s ]
NOTIC: [8] Undefined index: child E:\wamp\www\yuwan\Application\Admin\Controller\BaseController.class.php 第 348 行.
NOTIC: [8] Undefined index: suffix E:\wamp\www\yuwan\Application\Admin\Controller\BaseController.class.php 第 369 行.
NOTIC: [8] Undefined index: child E:\wamp\www\yuwan\Application\Admin\Controller\BaseController.class.php 第 348 行.
NOTIC: [8] Undefined index: suffix E:\wamp\www\yuwan\Application\Admin\Controller\BaseController.class.php 第 369 行.
NOTIC: [8] Undefined index: child E:\wamp\www\yuwan\Application\Admin\Controller\BaseController.class.php 第 348 行.
NOTIC: [8] Undefined index: suffix E:\wamp\www\yuwan\Application\Admin\Controller\BaseController.class.php 第 369 行.
NOTIC: [8] Undefined index: child E:\wamp\www\yuwan\Application\Admin\Controller\BaseController.class.php 第 348 行.
NOTIC: [8] Undefined index: suffix E:\wamp\www\yuwan\Application\Admin\Controller\BaseController.class.php 第 369 行.
NOTIC: [8] Undefined index: child E:\wamp\www\yuwan\Application\Admin\Controller\BaseController.class.php 第 348 行.
NOTIC: [8] Undefined index: suffix E:\wamp\www\yuwan\Application\Admin\Controller\BaseController.class.php 第 369 行.
NOTIC: [8] Undefined index: child E:\wamp\www\yuwan\Application\Admin\Controller\BaseController.class.php 第 348 行.
NOTIC: [8] Undefined index: suffix E:\wamp\www\yuwan\Application\Admin\Controller\BaseController.class.php 第 369 行.
NOTIC: [8] Undefined index: child E:\wamp\www\yuwan\Application\Admin\Controller\BaseController.class.php 第 348 行.
NOTIC: [8] Undefined index: suffix E:\wamp\www\yuwan\Application\Admin\Controller\BaseController.class.php 第 369 行.
NOTIC: [8] Undefined index: child E:\wamp\www\yuwan\Application\Admin\Controller\BaseController.class.php 第 348 行.
NOTIC: [8] Undefined index: suffix E:\wamp\www\yuwan\Application\Admin\Controller\BaseController.class.php 第 369 行.
NOTIC: [8] Undefined index: child E:\wamp\www\yuwan\Application\Admin\Controller\BaseController.class.php 第 348 行.
NOTIC: [8] Undefined index: suffix E:\wamp\www\yuwan\Application\Admin\Controller\BaseController.class.php 第 369 行.
INFO: [ view_parse ] --START--
INFO: [ template_filter ] --START--
INFO: Run Behavior\ContentReplaceBehavior [ RunTime:0.000137s ]
INFO: [ template_filter ] --END-- [ RunTime:0.000316s ]
INFO: Run Behavior\ParseTemplateBehavior [ RunTime:0.020674s ]
INFO: [ view_parse ] --END-- [ RunTime:0.020840s ]
INFO: [ view_filter ] --START--
INFO: Run Behavior\WriteHtmlCacheBehavior [ RunTime:0.000797s ]
INFO: [ view_filter ] --END-- [ RunTime:0.000936s ]
INFO: [ app_end ] --START--
INFO: Run Behavior\ShowPageTraceBehavior [ RunTime:0.001176s ]
INFO: [ app_end ] --END-- [ RunTime:0.001328s ]

[ 2016-11-15T11:44:07+08:00 ] 127.0.0.1 /yuwan/admin.php?m=admin&c=Role&a=admin
INFO: [ app_init ] --START--
INFO: Run Behavior\BuildLiteBehavior [ RunTime:0.000069s ]
INFO: [ app_init ] --END-- [ RunTime:0.001180s ]
INFO: [ app_begin ] --START--
INFO: Run Behavior\ReadHtmlCacheBehavior [ RunTime:0.001115s ]
INFO: [ app_begin ] --END-- [ RunTime:0.001285s ]
SQL: SHOW COLUMNS FROM `yw_admin` [ RunTime:0.0060s ]
SQL: SELECT * FROM `yw_admin` WHERE ( id=25 ) LIMIT 1   [ RunTime:0.0004s ]
SQL: SHOW COLUMNS FROM `yw_admin_role_priv` [ RunTime:0.0050s ]
SQL: SELECT * FROM `yw_admin_role_priv` WHERE ( role_id=30 ) LIMIT 1   [ RunTime:0.0004s ]
NOTIC: [8] Undefined index: child E:\wamp\www\yuwan\Application\Admin\Controller\BaseController.class.php 第 348 行.
NOTIC: [8] Undefined index: suffix E:\wamp\www\yuwan\Application\Admin\Controller\BaseController.class.php 第 369 行.
NOTIC: [8] Undefined index: child E:\wamp\www\yuwan\Application\Admin\Controller\BaseController.class.php 第 348 行.
NOTIC: [8] Undefined index: suffix E:\wamp\www\yuwan\Application\Admin\Controller\BaseController.class.php 第 369 行.
NOTIC: [8] Undefined index: child E:\wamp\www\yuwan\Application\Admin\Controller\BaseController.class.php 第 348 行.
NOTIC: [8] Undefined index: suffix E:\wamp\www\yuwan\Application\Admin\Controller\BaseController.class.php 第 369 行.
NOTIC: [8] Undefined index: child E:\wamp\www\yuwan\Application\Admin\Controller\BaseController.class.php 第 348 行.
NOTIC: [8] Undefined index: suffix E:\wamp\www\yuwan\Application\Admin\Controller\BaseController.class.php 第 369 行.
NOTIC: [8] Undefined index: child E:\wamp\www\yuwan\Application\Admin\Controller\BaseController.class.php 第 348 行.
NOTIC: [8] Undefined index: suffix E:\wamp\www\yuwan\Application\Admin\Controller\BaseController.class.php 第 369 行.
NOTIC: [8] Undefined index: child E:\wamp\www\yuwan\Application\Admin\Controller\BaseController.class.php 第 348 行.
NOTIC: [8] Undefined index: suffix E:\wamp\www\yuwan\Application\Admin\Controller\BaseController.class.php 第 369 行.
NOTIC: [8] Undefined index: child E:\wamp\www\yuwan\Application\Admin\Controller\BaseController.class.php 第 348 行.
NOTIC: [8] Undefined index: suffix E:\wamp\www\yuwan\Application\Admin\Controller\BaseController.class.php 第 369 行.
NOTIC: [8] Undefined index: child E:\wamp\www\yuwan\Application\Admin\Controller\BaseController.class.php 第 348 行.
NOTIC: [8] Undefined index: suffix E:\wamp\www\yuwan\Application\Admin\Controller\BaseController.class.php 第 369 行.
NOTIC: [8] Undefined index: child E:\wamp\www\yuwan\Application\Admin\Controller\BaseController.class.php 第 348 行.
NOTIC: [8] Undefined index: suffix E:\wamp\www\yuwan\Application\Admin\Controller\BaseController.class.php 第 369 行.
SQL: SELECT * FROM `yw_admin`  [ RunTime:0.0004s ]
SQL: SELECT yw_admin_role.name FROM yw_admin_role,yw_admin WHERE yw_admin.role_id=yw_admin_role.id [ RunTime:0.0017s ]
INFO: [ view_parse ] --START--
INFO: [ template_filter ] --START--
INFO: Run Behavior\ContentReplaceBehavior [ RunTime:0.000149s ]
INFO: [ template_filter ] --END-- [ RunTime:0.000334s ]
INFO: Run Behavior\ParseTemplateBehavior [ RunTime:0.022290s ]
INFO: [ view_parse ] --END-- [ RunTime:0.022461s ]
INFO: [ view_filter ] --START--
INFO: Run Behavior\WriteHtmlCacheBehavior [ RunTime:0.000907s ]
INFO: [ view_filter ] --END-- [ RunTime:0.001050s ]
INFO: [ app_end ] --START--
INFO: Run Behavior\ShowPageTraceBehavior [ RunTime:0.001210s ]
INFO: [ app_end ] --END-- [ RunTime:0.001367s ]

[ 2016-11-15T11:44:12+08:00 ] 127.0.0.1 /yuwan/admin.php?m=admin&c=Role&a=permission
INFO: [ app_init ] --START--
INFO: Run Behavior\BuildLiteBehavior [ RunTime:0.000036s ]
INFO: [ app_init ] --END-- [ RunTime:0.000730s ]
INFO: [ app_begin ] --START--
INFO: Run Behavior\ReadHtmlCacheBehavior [ RunTime:0.001153s ]
INFO: [ app_begin ] --END-- [ RunTime:0.001321s ]
SQL: SHOW COLUMNS FROM `yw_admin` [ RunTime:0.0059s ]
SQL: SELECT * FROM `yw_admin` WHERE ( id=25 ) LIMIT 1   [ RunTime:0.0004s ]
SQL: SHOW COLUMNS FROM `yw_admin_role_priv` [ RunTime:0.0063s ]
SQL: SELECT * FROM `yw_admin_role_priv` WHERE ( role_id=30 ) LIMIT 1   [ RunTime:0.0004s ]
NOTIC: [8] Undefined index: child E:\wamp\www\yuwan\Application\Admin\Controller\BaseController.class.php 第 348 行.
NOTIC: [8] Undefined index: suffix E:\wamp\www\yuwan\Application\Admin\Controller\BaseController.class.php 第 369 行.
NOTIC: [8] Undefined index: child E:\wamp\www\yuwan\Application\Admin\Controller\BaseController.class.php 第 348 行.
NOTIC: [8] Undefined index: suffix E:\wamp\www\yuwan\Application\Admin\Controller\BaseController.class.php 第 369 行.
NOTIC: [8] Undefined index: child E:\wamp\www\yuwan\Application\Admin\Controller\BaseController.class.php 第 348 行.
NOTIC: [8] Undefined index: suffix E:\wamp\www\yuwan\Application\Admin\Controller\BaseController.class.php 第 369 行.
NOTIC: [8] Undefined index: child E:\wamp\www\yuwan\Application\Admin\Controller\BaseController.class.php 第 348 行.
NOTIC: [8] Undefined index: suffix E:\wamp\www\yuwan\Application\Admin\Controller\BaseController.class.php 第 369 行.
NOTIC: [8] Undefined index: child E:\wamp\www\yuwan\Application\Admin\Controller\BaseController.class.php 第 348 行.
NOTIC: [8] Undefined index: suffix E:\wamp\www\yuwan\Application\Admin\Controller\BaseController.class.php 第 369 行.
NOTIC: [8] Undefined index: child E:\wamp\www\yuwan\Application\Admin\Controller\BaseController.class.php 第 348 行.
NOTIC: [8] Undefined index: suffix E:\wamp\www\yuwan\Application\Admin\Controller\BaseController.class.php 第 369 行.
NOTIC: [8] Undefined index: child E:\wamp\www\yuwan\Application\Admin\Controller\BaseController.class.php 第 348 行.
NOTIC: [8] Undefined index: suffix E:\wamp\www\yuwan\Application\Admin\Controller\BaseController.class.php 第 369 行.
NOTIC: [8] Undefined index: child E:\wamp\www\yuwan\Application\Admin\Controller\BaseController.class.php 第 348 行.
NOTIC: [8] Undefined index: suffix E:\wamp\www\yuwan\Application\Admin\Controller\BaseController.class.php 第 369 行.
NOTIC: [8] Undefined index: child E:\wamp\www\yuwan\Application\Admin\Controller\BaseController.class.php 第 348 行.
NOTIC: [8] Undefined index: suffix E:\wamp\www\yuwan\Application\Admin\Controller\BaseController.class.php 第 369 行.
SQL: SHOW COLUMNS FROM `yw_admin_role` [ RunTime:0.0049s ]
SQL: SELECT * FROM `yw_admin_role`  [ RunTime:0.0003s ]
INFO: [ view_parse ] --START--
INFO: [ template_filter ] --START--
INFO: Run Behavior\ContentReplaceBehavior [ RunTime:0.000147s ]
INFO: [ template_filter ] --END-- [ RunTime:0.000321s ]
INFO: Run Behavior\ParseTemplateBehavior [ RunTime:0.037004s ]
INFO: [ view_parse ] --END-- [ RunTime:0.037178s ]
INFO: [ view_filter ] --START--
INFO: Run Behavior\WriteHtmlCacheBehavior [ RunTime:0.000826s ]
INFO: [ view_filter ] --END-- [ RunTime:0.000971s ]
INFO: [ app_end ] --START--
INFO: Run Behavior\ShowPageTraceBehavior [ RunTime:0.001092s ]
INFO: [ app_end ] --END-- [ RunTime:0.001243s ]

[ 2016-11-15T11:44:14+08:00 ] 127.0.0.1 /yuwan/admin.php?m=admin&c=Setting&a=index
INFO: [ app_init ] --START--
INFO: Run Behavior\BuildLiteBehavior [ RunTime:0.000043s ]
INFO: [ app_init ] --END-- [ RunTime:0.000853s ]
INFO: [ app_begin ] --START--
INFO: Run Behavior\ReadHtmlCacheBehavior [ RunTime:0.001213s ]
INFO: [ app_begin ] --END-- [ RunTime:0.001400s ]
SQL: SHOW COLUMNS FROM `yw_admin` [ RunTime:0.0055s ]
SQL: SELECT * FROM `yw_admin` WHERE ( id=25 ) LIMIT 1   [ RunTime:0.0004s ]
SQL: SHOW COLUMNS FROM `yw_admin_role_priv` [ RunTime:0.0047s ]
SQL: SELECT * FROM `yw_admin_role_priv` WHERE ( role_id=30 ) LIMIT 1   [ RunTime:0.0006s ]
NOTIC: [8] Undefined index: child E:\wamp\www\yuwan\Application\Admin\Controller\BaseController.class.php 第 348 行.
NOTIC: [8] Undefined index: suffix E:\wamp\www\yuwan\Application\Admin\Controller\BaseController.class.php 第 369 行.
NOTIC: [8] Undefined index: child E:\wamp\www\yuwan\Application\Admin\Controller\BaseController.class.php 第 348 行.
NOTIC: [8] Undefined index: suffix E:\wamp\www\yuwan\Application\Admin\Controller\BaseController.class.php 第 369 行.
NOTIC: [8] Undefined index: child E:\wamp\www\yuwan\Application\Admin\Controller\BaseController.class.php 第 348 行.
NOTIC: [8] Undefined index: suffix E:\wamp\www\yuwan\Application\Admin\Controller\BaseController.class.php 第 369 行.
NOTIC: [8] Undefined index: child E:\wamp\www\yuwan\Application\Admin\Controller\BaseController.class.php 第 348 行.
NOTIC: [8] Undefined index: suffix E:\wamp\www\yuwan\Application\Admin\Controller\BaseController.class.php 第 369 行.
NOTIC: [8] Undefined index: child E:\wamp\www\yuwan\Application\Admin\Controller\BaseController.class.php 第 348 行.
NOTIC: [8] Undefined index: suffix E:\wamp\www\yuwan\Application\Admin\Controller\BaseController.class.php 第 369 行.
NOTIC: [8] Undefined index: child E:\wamp\www\yuwan\Application\Admin\Controller\BaseController.class.php 第 348 行.
NOTIC: [8] Undefined index: suffix E:\wamp\www\yuwan\Application\Admin\Controller\BaseController.class.php 第 369 行.
NOTIC: [8] Undefined index: child E:\wamp\www\yuwan\Application\Admin\Controller\BaseController.class.php 第 348 行.
NOTIC: [8] Undefined index: suffix E:\wamp\www\yuwan\Application\Admin\Controller\BaseController.class.php 第 369 行.
NOTIC: [8] Undefined index: child E:\wamp\www\yuwan\Application\Admin\Controller\BaseController.class.php 第 348 行.
NOTIC: [8] Undefined index: suffix E:\wamp\www\yuwan\Application\Admin\Controller\BaseController.class.php 第 369 行.
NOTIC: [8] Undefined index: child E:\wamp\www\yuwan\Application\Admin\Controller\BaseController.class.php 第 348 行.
NOTIC: [8] Undefined index: suffix E:\wamp\www\yuwan\Application\Admin\Controller\BaseController.class.php 第 369 行.
SQL: SHOW COLUMNS FROM `yw_settings` [ RunTime:0.0388s ]
SQL: SELECT * FROM `yw_settings`  [ RunTime:0.0194s ]
INFO: [ view_parse ] --START--
INFO: [ template_filter ] --START--
INFO: Run Behavior\ContentReplaceBehavior [ RunTime:0.000193s ]
INFO: [ template_filter ] --END-- [ RunTime:0.000379s ]
NOTIC: [8] Use of undefined constant site_status - assumed 'site_status' E:\wamp\www\yuwan\Application\Runtime\Cache\Admin\94874399856847a0aef2309f9a226cc8.php 第 143 行.
NOTIC: [8] Use of undefined constant site_status - assumed 'site_status' E:\wamp\www\yuwan\Application\Runtime\Cache\Admin\94874399856847a0aef2309f9a226cc8.php 第 148 行.
NOTIC: [8] Use of undefined constant signin - assumed 'signin' E:\wamp\www\yuwan\Application\Runtime\Cache\Admin\94874399856847a0aef2309f9a226cc8.php 第 179 行.
NOTIC: [8] Use of undefined constant day - assumed 'day' E:\wamp\www\yuwan\Application\Runtime\Cache\Admin\94874399856847a0aef2309f9a226cc8.php 第 179 行.
NOTIC: [8] Use of undefined constant signin - assumed 'signin' E:\wamp\www\yuwan\Application\Runtime\Cache\Admin\94874399856847a0aef2309f9a226cc8.php 第 180 行.
NOTIC: [8] Use of undefined constant aw - assumed 'aw' E:\wamp\www\yuwan\Application\Runtime\Cache\Admin\94874399856847a0aef2309f9a226cc8.php 第 180 行.
NOTIC: [8] Use of undefined constant signin - assumed 'signin' E:\wamp\www\yuwan\Application\Runtime\Cache\Admin\94874399856847a0aef2309f9a226cc8.php 第 188 行.
NOTIC: [8] Use of undefined constant day - assumed 'day' E:\wamp\www\yuwan\Application\Runtime\Cache\Admin\94874399856847a0aef2309f9a226cc8.php 第 188 行.
NOTIC: [8] Use of undefined constant signin - assumed 'signin' E:\wamp\www\yuwan\Application\Runtime\Cache\Admin\94874399856847a0aef2309f9a226cc8.php 第 189 行.
NOTIC: [8] Use of undefined constant aw - assumed 'aw' E:\wamp\www\yuwan\Application\Runtime\Cache\Admin\94874399856847a0aef2309f9a226cc8.php 第 189 行.
NOTIC: [8] Use of undefined constant signin - assumed 'signin' E:\wamp\www\yuwan\Application\Runtime\Cache\Admin\94874399856847a0aef2309f9a226cc8.php 第 197 行.
NOTIC: [8] Use of undefined constant day - assumed 'day' E:\wamp\www\yuwan\Application\Runtime\Cache\Admin\94874399856847a0aef2309f9a226cc8.php 第 197 行.
NOTIC: [8] Use of undefined constant signin - assumed 'signin' E:\wamp\www\yuwan\Application\Runtime\Cache\Admin\94874399856847a0aef2309f9a226cc8.php 第 198 行.
NOTIC: [8] Use of undefined constant aw - assumed 'aw' E:\wamp\www\yuwan\Application\Runtime\Cache\Admin\94874399856847a0aef2309f9a226cc8.php 第 198 行.
NOTIC: [8] Use of undefined constant signin - assumed 'signin' E:\wamp\www\yuwan\Application\Runtime\Cache\Admin\94874399856847a0aef2309f9a226cc8.php 第 206 行.
NOTIC: [8] Use of undefined constant day - assumed 'day' E:\wamp\www\yuwan\Application\Runtime\Cache\Admin\94874399856847a0aef2309f9a226cc8.php 第 206 行.
NOTIC: [8] Use of undefined constant signin - assumed 'signin' E:\wamp\www\yuwan\Application\Runtime\Cache\Admin\94874399856847a0aef2309f9a226cc8.php 第 207 行.
NOTIC: [8] Use of undefined constant aw - assumed 'aw' E:\wamp\www\yuwan\Application\Runtime\Cache\Admin\94874399856847a0aef2309f9a226cc8.php 第 207 行.
NOTIC: [8] Use of undefined constant recharge - assumed 'recharge' E:\wamp\www\yuwan\Application\Runtime\Cache\Admin\94874399856847a0aef2309f9a226cc8.php 第 216 行.
NOTIC: [8] Use of undefined constant money - assumed 'money' E:\wamp\www\yuwan\Application\Runtime\Cache\Admin\94874399856847a0aef2309f9a226cc8.php 第 216 行.
NOTIC: [8] Use of undefined constant recharge - assumed 'recharge' E:\wamp\www\yuwan\Application\Runtime\Cache\Admin\94874399856847a0aef2309f9a226cc8.php 第 217 行.
NOTIC: [8] Use of undefined constant exchange - assumed 'exchange' E:\wamp\www\yuwan\Application\Runtime\Cache\Admin\94874399856847a0aef2309f9a226cc8.php 第 217 行.
NOTIC: [8] Use of undefined constant recharge - assumed 'recharge' E:\wamp\www\yuwan\Application\Runtime\Cache\Admin\94874399856847a0aef2309f9a226cc8.php 第 225 行.
NOTIC: [8] Use of undefined constant money - assumed 'money' E:\wamp\www\yuwan\Application\Runtime\Cache\Admin\94874399856847a0aef2309f9a226cc8.php 第 225 行.
NOTIC: [8] Use of undefined constant recharge - assumed 'recharge' E:\wamp\www\yuwan\Application\Runtime\Cache\Admin\94874399856847a0aef2309f9a226cc8.php 第 226 行.
NOTIC: [8] Use of undefined constant exchange - assumed 'exchange' E:\wamp\www\yuwan\Application\Runtime\Cache\Admin\94874399856847a0aef2309f9a226cc8.php 第 226 行.
NOTIC: [8] Use of undefined constant recharge - assumed 'recharge' E:\wamp\www\yuwan\Application\Runtime\Cache\Admin\94874399856847a0aef2309f9a226cc8.php 第 234 行.
NOTIC: [8] Use of undefined constant money - assumed 'money' E:\wamp\www\yuwan\Application\Runtime\Cache\Admin\94874399856847a0aef2309f9a226cc8.php 第 234 行.
NOTIC: [8] Use of undefined constant recharge - assumed 'recharge' E:\wamp\www\yuwan\Application\Runtime\Cache\Admin\94874399856847a0aef2309f9a226cc8.php 第 235 行.
NOTIC: [8] Use of undefined constant exchange - assumed 'exchange' E:\wamp\www\yuwan\Application\Runtime\Cache\Admin\94874399856847a0aef2309f9a226cc8.php 第 235 行.
NOTIC: [8] Use of undefined constant recharge - assumed 'recharge' E:\wamp\www\yuwan\Application\Runtime\Cache\Admin\94874399856847a0aef2309f9a226cc8.php 第 243 行.
NOTIC: [8] Use of undefined constant money - assumed 'money' E:\wamp\www\yuwan\Application\Runtime\Cache\Admin\94874399856847a0aef2309f9a226cc8.php 第 243 行.
NOTIC: [8] Use of undefined constant recharge - assumed 'recharge' E:\wamp\www\yuwan\Application\Runtime\Cache\Admin\94874399856847a0aef2309f9a226cc8.php 第 244 行.
NOTIC: [8] Use of undefined constant exchange - assumed 'exchange' E:\wamp\www\yuwan\Application\Runtime\Cache\Admin\94874399856847a0aef2309f9a226cc8.php 第 244 行.
INFO: Run Behavior\ParseTemplateBehavior [ RunTime:0.053651s ]
INFO: [ view_parse ] --END-- [ RunTime:0.053826s ]
INFO: [ view_filter ] --START--
INFO: Run Behavior\WriteHtmlCacheBehavior [ RunTime:0.001113s ]
INFO: [ view_filter ] --END-- [ RunTime:0.001257s ]
INFO: [ app_end ] --START--
INFO: Run Behavior\ShowPageTraceBehavior [ RunTime:0.001171s ]
INFO: [ app_end ] --END-- [ RunTime:0.001336s ]

[ 2016-11-15T11:45:26+08:00 ] 127.0.0.1 /yuwan/admin.php?m=admin&c=Role&a=admin
INFO: [ app_init ] --START--
INFO: Run Behavior\BuildLiteBehavior [ RunTime:0.000045s ]
INFO: [ app_init ] --END-- [ RunTime:0.001871s ]
INFO: [ app_begin ] --START--
INFO: Run Behavior\ReadHtmlCacheBehavior [ RunTime:0.001093s ]
INFO: [ app_begin ] --END-- [ RunTime:0.001252s ]
SQL: SHOW COLUMNS FROM `yw_admin` [ RunTime:0.0054s ]
SQL: SELECT * FROM `yw_admin` WHERE ( id=25 ) LIMIT 1   [ RunTime:0.0004s ]
SQL: SHOW COLUMNS FROM `yw_admin_role_priv` [ RunTime:0.0050s ]
SQL: SELECT * FROM `yw_admin_role_priv` WHERE ( role_id=30 ) LIMIT 1   [ RunTime:0.0004s ]
NOTIC: [8] Undefined index: child E:\wamp\www\yuwan\Application\Admin\Controller\BaseController.class.php 第 348 行.
NOTIC: [8] Undefined index: suffix E:\wamp\www\yuwan\Application\Admin\Controller\BaseController.class.php 第 369 行.
NOTIC: [8] Undefined index: child E:\wamp\www\yuwan\Application\Admin\Controller\BaseController.class.php 第 348 行.
NOTIC: [8] Undefined index: suffix E:\wamp\www\yuwan\Application\Admin\Controller\BaseController.class.php 第 369 行.
NOTIC: [8] Undefined index: child E:\wamp\www\yuwan\Application\Admin\Controller\BaseController.class.php 第 348 行.
NOTIC: [8] Undefined index: suffix E:\wamp\www\yuwan\Application\Admin\Controller\BaseController.class.php 第 369 行.
NOTIC: [8] Undefined index: child E:\wamp\www\yuwan\Application\Admin\Controller\BaseController.class.php 第 348 行.
NOTIC: [8] Undefined index: suffix E:\wamp\www\yuwan\Application\Admin\Controller\BaseController.class.php 第 369 行.
NOTIC: [8] Undefined index: child E:\wamp\www\yuwan\Application\Admin\Controller\BaseController.class.php 第 348 行.
NOTIC: [8] Undefined index: suffix E:\wamp\www\yuwan\Application\Admin\Controller\BaseController.class.php 第 369 行.
NOTIC: [8] Undefined index: child E:\wamp\www\yuwan\Application\Admin\Controller\BaseController.class.php 第 348 行.
NOTIC: [8] Undefined index: suffix E:\wamp\www\yuwan\Application\Admin\Controller\BaseController.class.php 第 369 行.
NOTIC: [8] Undefined index: child E:\wamp\www\yuwan\Application\Admin\Controller\BaseController.class.php 第 348 行.
NOTIC: [8] Undefined index: suffix E:\wamp\www\yuwan\Application\Admin\Controller\BaseController.class.php 第 369 行.
NOTIC: [8] Undefined index: child E:\wamp\www\yuwan\Application\Admin\Controller\BaseController.class.php 第 348 行.
NOTIC: [8] Undefined index: suffix E:\wamp\www\yuwan\Application\Admin\Controller\BaseController.class.php 第 369 行.
NOTIC: [8] Undefined index: child E:\wamp\www\yuwan\Application\Admin\Controller\BaseController.class.php 第 348 行.
NOTIC: [8] Undefined index: suffix E:\wamp\www\yuwan\Application\Admin\Controller\BaseController.class.php 第 369 行.
SQL: SELECT * FROM `yw_admin`  [ RunTime:0.0003s ]
SQL: SELECT yw_admin_role.name FROM yw_admin_role,yw_admin WHERE yw_admin.role_id=yw_admin_role.id [ RunTime:0.0003s ]
INFO: [ view_parse ] --START--
INFO: [ template_filter ] --START--
INFO: Run Behavior\ContentReplaceBehavior [ RunTime:0.000149s ]
INFO: [ template_filter ] --END-- [ RunTime:0.000325s ]
INFO: Run Behavior\ParseTemplateBehavior [ RunTime:0.021730s ]
INFO: [ view_parse ] --END-- [ RunTime:0.021915s ]
INFO: [ view_filter ] --START--
INFO: Run Behavior\WriteHtmlCacheBehavior [ RunTime:0.000849s ]
INFO: [ view_filter ] --END-- [ RunTime:0.000990s ]
INFO: [ app_end ] --START--
INFO: Run Behavior\ShowPageTraceBehavior [ RunTime:0.001109s ]
INFO: [ app_end ] --END-- [ RunTime:0.002067s ]

[ 2016-11-15T11:45:42+08:00 ] 127.0.0.1 /yuwan/admin.php?m=admin&c=Role&a=admin
INFO: [ app_init ] --START--
INFO: Run Behavior\BuildLiteBehavior [ RunTime:0.000036s ]
INFO: [ app_init ] --END-- [ RunTime:0.000723s ]
INFO: [ app_begin ] --START--
INFO: Run Behavior\ReadHtmlCacheBehavior [ RunTime:0.001183s ]
INFO: [ app_begin ] --END-- [ RunTime:0.001347s ]
SQL: SHOW COLUMNS FROM `yw_admin` [ RunTime:0.0056s ]
SQL: SELECT * FROM `yw_admin` WHERE ( id=25 ) LIMIT 1   [ RunTime:0.0004s ]
SQL: SHOW COLUMNS FROM `yw_admin_role_priv` [ RunTime:0.0047s ]
SQL: SELECT * FROM `yw_admin_role_priv` WHERE ( role_id=30 ) LIMIT 1   [ RunTime:0.0003s ]
NOTIC: [8] Undefined index: child E:\wamp\www\yuwan\Application\Admin\Controller\BaseController.class.php 第 348 行.
NOTIC: [8] Undefined index: suffix E:\wamp\www\yuwan\Application\Admin\Controller\BaseController.class.php 第 369 行.
NOTIC: [8] Undefined index: child E:\wamp\www\yuwan\Application\Admin\Controller\BaseController.class.php 第 348 行.
NOTIC: [8] Undefined index: suffix E:\wamp\www\yuwan\Application\Admin\Controller\BaseController.class.php 第 369 行.
NOTIC: [8] Undefined index: child E:\wamp\www\yuwan\Application\Admin\Controller\BaseController.class.php 第 348 行.
NOTIC: [8] Undefined index: suffix E:\wamp\www\yuwan\Application\Admin\Controller\BaseController.class.php 第 369 行.
NOTIC: [8] Undefined index: child E:\wamp\www\yuwan\Application\Admin\Controller\BaseController.class.php 第 348 行.
NOTIC: [8] Undefined index: suffix E:\wamp\www\yuwan\Application\Admin\Controller\BaseController.class.php 第 369 行.
NOTIC: [8] Undefined index: child E:\wamp\www\yuwan\Application\Admin\Controller\BaseController.class.php 第 348 行.
NOTIC: [8] Undefined index: suffix E:\wamp\www\yuwan\Application\Admin\Controller\BaseController.class.php 第 369 行.
NOTIC: [8] Undefined index: child E:\wamp\www\yuwan\Application\Admin\Controller\BaseController.class.php 第 348 行.
NOTIC: [8] Undefined index: suffix E:\wamp\www\yuwan\Application\Admin\Controller\BaseController.class.php 第 369 行.
NOTIC: [8] Undefined index: child E:\wamp\www\yuwan\Application\Admin\Controller\BaseController.class.php 第 348 行.
NOTIC: [8] Undefined index: suffix E:\wamp\www\yuwan\Application\Admin\Controller\BaseController.class.php 第 369 行.
NOTIC: [8] Undefined index: child E:\wamp\www\yuwan\Application\Admin\Controller\BaseController.class.php 第 348 行.
NOTIC: [8] Undefined index: suffix E:\wamp\www\yuwan\Application\Admin\Controller\BaseController.class.php 第 369 行.
NOTIC: [8] Undefined index: child E:\wamp\www\yuwan\Application\Admin\Controller\BaseController.class.php 第 348 行.
NOTIC: [8] Undefined index: suffix E:\wamp\www\yuwan\Application\Admin\Controller\BaseController.class.php 第 369 行.
SQL: SELECT * FROM `yw_admin`  [ RunTime:0.0002s ]
SQL: SELECT yw_admin_role.name FROM yw_admin_role,yw_admin WHERE yw_admin.role_id=yw_admin_role.id [ RunTime:0.0002s ]
INFO: [ view_parse ] --START--
INFO: [ template_filter ] --START--
INFO: Run Behavior\ContentReplaceBehavior [ RunTime:0.000159s ]
INFO: [ template_filter ] --END-- [ RunTime:0.000384s ]
INFO: Run Behavior\ParseTemplateBehavior [ RunTime:0.022768s ]
INFO: [ view_parse ] --END-- [ RunTime:0.022926s ]
INFO: [ view_filter ] --START--
INFO: Run Behavior\WriteHtmlCacheBehavior [ RunTime:0.000782s ]
INFO: [ view_filter ] --END-- [ RunTime:0.000922s ]
INFO: [ app_end ] --START--
INFO: Run Behavior\ShowPageTraceBehavior [ RunTime:0.001082s ]
INFO: [ app_end ] --END-- [ RunTime:0.001227s ]

[ 2016-11-15T11:45:46+08:00 ] 127.0.0.1 /yuwan/admin.php?m=admin&c=Setting&a=index
INFO: [ app_init ] --START--
INFO: Run Behavior\BuildLiteBehavior [ RunTime:0.000037s ]
INFO: [ app_init ] --END-- [ RunTime:0.000875s ]
INFO: [ app_begin ] --START--
INFO: Run Behavior\ReadHtmlCacheBehavior [ RunTime:0.001110s ]
INFO: [ app_begin ] --END-- [ RunTime:0.001283s ]
SQL: SHOW COLUMNS FROM `yw_admin` [ RunTime:0.0052s ]
SQL: SELECT * FROM `yw_admin` WHERE ( id=25 ) LIMIT 1   [ RunTime:0.0003s ]
SQL: SHOW COLUMNS FROM `yw_admin_role_priv` [ RunTime:0.0047s ]
SQL: SELECT * FROM `yw_admin_role_priv` WHERE ( role_id=30 ) LIMIT 1   [ RunTime:0.0003s ]
NOTIC: [8] Undefined index: child E:\wamp\www\yuwan\Application\Admin\Controller\BaseController.class.php 第 348 行.
NOTIC: [8] Undefined index: suffix E:\wamp\www\yuwan\Application\Admin\Controller\BaseController.class.php 第 369 行.
NOTIC: [8] Undefined index: child E:\wamp\www\yuwan\Application\Admin\Controller\BaseController.class.php 第 348 行.
NOTIC: [8] Undefined index: suffix E:\wamp\www\yuwan\Application\Admin\Controller\BaseController.class.php 第 369 行.
NOTIC: [8] Undefined index: child E:\wamp\www\yuwan\Application\Admin\Controller\BaseController.class.php 第 348 行.
NOTIC: [8] Undefined index: suffix E:\wamp\www\yuwan\Application\Admin\Controller\BaseController.class.php 第 369 行.
NOTIC: [8] Undefined index: child E:\wamp\www\yuwan\Application\Admin\Controller\BaseController.class.php 第 348 行.
NOTIC: [8] Undefined index: suffix E:\wamp\www\yuwan\Application\Admin\Controller\BaseController.class.php 第 369 行.
NOTIC: [8] Undefined index: child E:\wamp\www\yuwan\Application\Admin\Controller\BaseController.class.php 第 348 行.
NOTIC: [8] Undefined index: suffix E:\wamp\www\yuwan\Application\Admin\Controller\BaseController.class.php 第 369 行.
NOTIC: [8] Undefined index: child E:\wamp\www\yuwan\Application\Admin\Controller\BaseController.class.php 第 348 行.
NOTIC: [8] Undefined index: suffix E:\wamp\www\yuwan\Application\Admin\Controller\BaseController.class.php 第 369 行.
NOTIC: [8] Undefined index: child E:\wamp\www\yuwan\Application\Admin\Controller\BaseController.class.php 第 348 行.
NOTIC: [8] Undefined index: suffix E:\wamp\www\yuwan\Application\Admin\Controller\BaseController.class.php 第 369 行.
NOTIC: [8] Undefined index: child E:\wamp\www\yuwan\Application\Admin\Controller\BaseController.class.php 第 348 行.
NOTIC: [8] Undefined index: suffix E:\wamp\www\yuwan\Application\Admin\Controller\BaseController.class.php 第 369 行.
NOTIC: [8] Undefined index: child E:\wamp\www\yuwan\Application\Admin\Controller\BaseController.class.php 第 348 行.
NOTIC: [8] Undefined index: suffix E:\wamp\www\yuwan\Application\Admin\Controller\BaseController.class.php 第 369 行.
SQL: SHOW COLUMNS FROM `yw_settings` [ RunTime:0.0056s ]
SQL: SELECT * FROM `yw_settings`  [ RunTime:0.0003s ]
INFO: [ view_parse ] --START--
INFO: [ template_filter ] --START--
INFO: Run Behavior\ContentReplaceBehavior [ RunTime:0.000189s ]
INFO: [ template_filter ] --END-- [ RunTime:0.000373s ]
NOTIC: [8] Use of undefined constant site_status - assumed 'site_status' E:\wamp\www\yuwan\Application\Runtime\Cache\Admin\94874399856847a0aef2309f9a226cc8.php 第 143 行.
NOTIC: [8] Use of undefined constant site_status - assumed 'site_status' E:\wamp\www\yuwan\Application\Runtime\Cache\Admin\94874399856847a0aef2309f9a226cc8.php 第 148 行.
NOTIC: [8] Use of undefined constant signin - assumed 'signin' E:\wamp\www\yuwan\Application\Runtime\Cache\Admin\94874399856847a0aef2309f9a226cc8.php 第 179 行.
NOTIC: [8] Use of undefined constant day - assumed 'day' E:\wamp\www\yuwan\Application\Runtime\Cache\Admin\94874399856847a0aef2309f9a226cc8.php 第 179 行.
NOTIC: [8] Use of undefined constant signin - assumed 'signin' E:\wamp\www\yuwan\Application\Runtime\Cache\Admin\94874399856847a0aef2309f9a226cc8.php 第 180 行.
NOTIC: [8] Use of undefined constant aw - assumed 'aw' E:\wamp\www\yuwan\Application\Runtime\Cache\Admin\94874399856847a0aef2309f9a226cc8.php 第 180 行.
NOTIC: [8] Use of undefined constant signin - assumed 'signin' E:\wamp\www\yuwan\Application\Runtime\Cache\Admin\94874399856847a0aef2309f9a226cc8.php 第 188 行.
NOTIC: [8] Use of undefined constant day - assumed 'day' E:\wamp\www\yuwan\Application\Runtime\Cache\Admin\94874399856847a0aef2309f9a226cc8.php 第 188 行.
NOTIC: [8] Use of undefined constant signin - assumed 'signin' E:\wamp\www\yuwan\Application\Runtime\Cache\Admin\94874399856847a0aef2309f9a226cc8.php 第 189 行.
NOTIC: [8] Use of undefined constant aw - assumed 'aw' E:\wamp\www\yuwan\Application\Runtime\Cache\Admin\94874399856847a0aef2309f9a226cc8.php 第 189 行.
NOTIC: [8] Use of undefined constant signin - assumed 'signin' E:\wamp\www\yuwan\Application\Runtime\Cache\Admin\94874399856847a0aef2309f9a226cc8.php 第 197 行.
NOTIC: [8] Use of undefined constant day - assumed 'day' E:\wamp\www\yuwan\Application\Runtime\Cache\Admin\94874399856847a0aef2309f9a226cc8.php 第 197 行.
NOTIC: [8] Use of undefined constant signin - assumed 'signin' E:\wamp\www\yuwan\Application\Runtime\Cache\Admin\94874399856847a0aef2309f9a226cc8.php 第 198 行.
NOTIC: [8] Use of undefined constant aw - assumed 'aw' E:\wamp\www\yuwan\Application\Runtime\Cache\Admin\94874399856847a0aef2309f9a226cc8.php 第 198 行.
NOTIC: [8] Use of undefined constant signin - assumed 'signin' E:\wamp\www\yuwan\Application\Runtime\Cache\Admin\94874399856847a0aef2309f9a226cc8.php 第 206 行.
NOTIC: [8] Use of undefined constant day - assumed 'day' E:\wamp\www\yuwan\Application\Runtime\Cache\Admin\94874399856847a0aef2309f9a226cc8.php 第 206 行.
NOTIC: [8] Use of undefined constant signin - assumed 'signin' E:\wamp\www\yuwan\Application\Runtime\Cache\Admin\94874399856847a0aef2309f9a226cc8.php 第 207 行.
NOTIC: [8] Use of undefined constant aw - assumed 'aw' E:\wamp\www\yuwan\Application\Runtime\Cache\Admin\94874399856847a0aef2309f9a226cc8.php 第 207 行.
NOTIC: [8] Use of undefined constant recharge - assumed 'recharge' E:\wamp\www\yuwan\Application\Runtime\Cache\Admin\94874399856847a0aef2309f9a226cc8.php 第 216 行.
NOTIC: [8] Use of undefined constant money - assumed 'money' E:\wamp\www\yuwan\Application\Runtime\Cache\Admin\94874399856847a0aef2309f9a226cc8.php 第 216 行.
NOTIC: [8] Use of undefined constant recharge - assumed 'recharge' E:\wamp\www\yuwan\Application\Runtime\Cache\Admin\94874399856847a0aef2309f9a226cc8.php 第 217 行.
NOTIC: [8] Use of undefined constant exchange - assumed 'exchange' E:\wamp\www\yuwan\Application\Runtime\Cache\Admin\94874399856847a0aef2309f9a226cc8.php 第 217 行.
NOTIC: [8] Use of undefined constant recharge - assumed 'recharge' E:\wamp\www\yuwan\Application\Runtime\Cache\Admin\94874399856847a0aef2309f9a226cc8.php 第 225 行.
NOTIC: [8] Use of undefined constant money - assumed 'money' E:\wamp\www\yuwan\Application\Runtime\Cache\Admin\94874399856847a0aef2309f9a226cc8.php 第 225 行.
NOTIC: [8] Use of undefined constant recharge - assumed 'recharge' E:\wamp\www\yuwan\Application\Runtime\Cache\Admin\94874399856847a0aef2309f9a226cc8.php 第 226 行.
NOTIC: [8] Use of undefined constant exchange - assumed 'exchange' E:\wamp\www\yuwan\Application\Runtime\Cache\Admin\94874399856847a0aef2309f9a226cc8.php 第 226 行.
NOTIC: [8] Use of undefined constant recharge - assumed 'recharge' E:\wamp\www\yuwan\Application\Runtime\Cache\Admin\94874399856847a0aef2309f9a226cc8.php 第 234 行.
NOTIC: [8] Use of undefined constant money - assumed 'money' E:\wamp\www\yuwan\Application\Runtime\Cache\Admin\94874399856847a0aef2309f9a226cc8.php 第 234 行.
NOTIC: [8] Use of undefined constant recharge - assumed 'recharge' E:\wamp\www\yuwan\Application\Runtime\Cache\Admin\94874399856847a0aef2309f9a226cc8.php 第 235 行.
NOTIC: [8] Use of undefined constant exchange - assumed 'exchange' E:\wamp\www\yuwan\Application\Runtime\Cache\Admin\94874399856847a0aef2309f9a226cc8.php 第 235 行.
NOTIC: [8] Use of undefined constant recharge - assumed 'recharge' E:\wamp\www\yuwan\Application\Runtime\Cache\Admin\94874399856847a0aef2309f9a226cc8.php 第 243 行.
NOTIC: [8] Use of undefined constant money - assumed 'money' E:\wamp\www\yuwan\Application\Runtime\Cache\Admin\94874399856847a0aef2309f9a226cc8.php 第 243 行.
NOTIC: [8] Use of undefined constant recharge - assumed 'recharge' E:\wamp\www\yuwan\Application\Runtime\Cache\Admin\94874399856847a0aef2309f9a226cc8.php 第 244 行.
NOTIC: [8] Use of undefined constant exchange - assumed 'exchange' E:\wamp\www\yuwan\Application\Runtime\Cache\Admin\94874399856847a0aef2309f9a226cc8.php 第 244 行.
INFO: Run Behavior\ParseTemplateBehavior [ RunTime:0.029320s ]
INFO: [ view_parse ] --END-- [ RunTime:0.029482s ]
INFO: [ view_filter ] --START--
INFO: Run Behavior\WriteHtmlCacheBehavior [ RunTime:0.000833s ]
INFO: [ view_filter ] --END-- [ RunTime:0.000974s ]
INFO: [ app_end ] --START--
INFO: Run Behavior\ShowPageTraceBehavior [ RunTime:0.001088s ]
INFO: [ app_end ] --END-- [ RunTime:0.001233s ]

[ 2016-11-15T16:04:39+08:00 ] 127.0.0.1 /yuwan/admin.php
INFO: [ app_init ] --START--
INFO: Run Behavior\BuildLiteBehavior [ RunTime:0.000040s ]
INFO: [ app_init ] --END-- [ RunTime:0.000801s ]
INFO: [ app_begin ] --START--
INFO: Run Behavior\ReadHtmlCacheBehavior [ RunTime:0.001689s ]
INFO: [ app_begin ] --END-- [ RunTime:0.001999s ]
SQL: SHOW COLUMNS FROM `yw_admin` [ RunTime:0.0066s ]
SQL: SELECT * FROM `yw_admin` WHERE ( id=25 ) LIMIT 1   [ RunTime:0.0005s ]
SQL: SHOW COLUMNS FROM `yw_admin_role_priv` [ RunTime:0.0066s ]
SQL: SELECT * FROM `yw_admin_role_priv` WHERE ( role_id=30 ) LIMIT 1   [ RunTime:0.0008s ]
NOTIC: [8] Undefined index: child E:\wamp\www\yuwan\Application\Admin\Controller\BaseController.class.php 第 348 行.
NOTIC: [8] Undefined index: suffix E:\wamp\www\yuwan\Application\Admin\Controller\BaseController.class.php 第 369 行.
NOTIC: [8] Undefined index: child E:\wamp\www\yuwan\Application\Admin\Controller\BaseController.class.php 第 348 行.
NOTIC: [8] Undefined index: suffix E:\wamp\www\yuwan\Application\Admin\Controller\BaseController.class.php 第 369 行.
NOTIC: [8] Undefined index: child E:\wamp\www\yuwan\Application\Admin\Controller\BaseController.class.php 第 348 行.
NOTIC: [8] Undefined index: suffix E:\wamp\www\yuwan\Application\Admin\Controller\BaseController.class.php 第 369 行.
NOTIC: [8] Undefined index: child E:\wamp\www\yuwan\Application\Admin\Controller\BaseController.class.php 第 348 行.
NOTIC: [8] Undefined index: suffix E:\wamp\www\yuwan\Application\Admin\Controller\BaseController.class.php 第 369 行.
NOTIC: [8] Undefined index: child E:\wamp\www\yuwan\Application\Admin\Controller\BaseController.class.php 第 348 行.
NOTIC: [8] Undefined index: suffix E:\wamp\www\yuwan\Application\Admin\Controller\BaseController.class.php 第 369 行.
NOTIC: [8] Undefined index: child E:\wamp\www\yuwan\Application\Admin\Controller\BaseController.class.php 第 348 行.
NOTIC: [8] Undefined index: suffix E:\wamp\www\yuwan\Application\Admin\Controller\BaseController.class.php 第 369 行.
NOTIC: [8] Undefined index: child E:\wamp\www\yuwan\Application\Admin\Controller\BaseController.class.php 第 348 行.
NOTIC: [8] Undefined index: suffix E:\wamp\www\yuwan\Application\Admin\Controller\BaseController.class.php 第 369 行.
NOTIC: [8] Undefined index: child E:\wamp\www\yuwan\Application\Admin\Controller\BaseController.class.php 第 348 行.
NOTIC: [8] Undefined index: suffix E:\wamp\www\yuwan\Application\Admin\Controller\BaseController.class.php 第 369 行.
NOTIC: [8] Undefined index: child E:\wamp\www\yuwan\Application\Admin\Controller\BaseController.class.php 第 348 行.
NOTIC: [8] Undefined index: suffix E:\wamp\www\yuwan\Application\Admin\Controller\BaseController.class.php 第 369 行.
INFO: [ view_parse ] --START--
INFO: [ template_filter ] --START--
INFO: Run Behavior\ContentReplaceBehavior [ RunTime:0.000142s ]
INFO: [ template_filter ] --END-- [ RunTime:0.000321s ]
INFO: Run Behavior\ParseTemplateBehavior [ RunTime:0.020897s ]
INFO: [ view_parse ] --END-- [ RunTime:0.021081s ]
INFO: [ view_filter ] --START--
INFO: Run Behavior\WriteHtmlCacheBehavior [ RunTime:0.000789s ]
INFO: [ view_filter ] --END-- [ RunTime:0.000929s ]
INFO: [ app_end ] --START--
INFO: Run Behavior\ShowPageTraceBehavior [ RunTime:0.001130s ]
INFO: [ app_end ] --END-- [ RunTime:0.001276s ]

[ 2016-11-15T16:10:27+08:00 ] 127.0.0.1 /yuwan/admin.php
INFO: [ app_init ] --START--
INFO: Run Behavior\BuildLiteBehavior [ RunTime:0.000037s ]
INFO: [ app_init ] --END-- [ RunTime:0.000735s ]
INFO: [ app_begin ] --START--
INFO: Run Behavior\ReadHtmlCacheBehavior [ RunTime:0.001176s ]
INFO: [ app_begin ] --END-- [ RunTime:0.001354s ]
SQL: SHOW COLUMNS FROM `yw_admin` [ RunTime:0.0070s ]
SQL: SELECT * FROM `yw_admin` WHERE ( id=25 ) LIMIT 1   [ RunTime:0.0004s ]
SQL: SHOW COLUMNS FROM `yw_admin_role_priv` [ RunTime:0.0054s ]
SQL: SELECT * FROM `yw_admin_role_priv` WHERE ( role_id=30 ) LIMIT 1   [ RunTime:0.0004s ]
NOTIC: [8] Undefined index: child E:\wamp\www\yuwan\Application\Admin\Controller\BaseController.class.php 第 348 行.
NOTIC: [8] Undefined index: suffix E:\wamp\www\yuwan\Application\Admin\Controller\BaseController.class.php 第 369 行.
NOTIC: [8] Undefined index: child E:\wamp\www\yuwan\Application\Admin\Controller\BaseController.class.php 第 348 行.
NOTIC: [8] Undefined index: suffix E:\wamp\www\yuwan\Application\Admin\Controller\BaseController.class.php 第 369 行.
NOTIC: [8] Undefined index: child E:\wamp\www\yuwan\Application\Admin\Controller\BaseController.class.php 第 348 行.
NOTIC: [8] Undefined index: suffix E:\wamp\www\yuwan\Application\Admin\Controller\BaseController.class.php 第 369 行.
NOTIC: [8] Undefined index: child E:\wamp\www\yuwan\Application\Admin\Controller\BaseController.class.php 第 348 行.
NOTIC: [8] Undefined index: suffix E:\wamp\www\yuwan\Application\Admin\Controller\BaseController.class.php 第 369 行.
NOTIC: [8] Undefined index: child E:\wamp\www\yuwan\Application\Admin\Controller\BaseController.class.php 第 348 行.
NOTIC: [8] Undefined index: suffix E:\wamp\www\yuwan\Application\Admin\Controller\BaseController.class.php 第 369 行.
NOTIC: [8] Undefined index: child E:\wamp\www\yuwan\Application\Admin\Controller\BaseController.class.php 第 348 行.
NOTIC: [8] Undefined index: suffix E:\wamp\www\yuwan\Application\Admin\Controller\BaseController.class.php 第 369 行.
NOTIC: [8] Undefined index: child E:\wamp\www\yuwan\Application\Admin\Controller\BaseController.class.php 第 348 行.
NOTIC: [8] Undefined index: suffix E:\wamp\www\yuwan\Application\Admin\Controller\BaseController.class.php 第 369 行.
NOTIC: [8] Undefined index: child E:\wamp\www\yuwan\Application\Admin\Controller\BaseController.class.php 第 348 行.
NOTIC: [8] Undefined index: suffix E:\wamp\www\yuwan\Application\Admin\Controller\BaseController.class.php 第 369 行.
NOTIC: [8] Undefined index: child E:\wamp\www\yuwan\Application\Admin\Controller\BaseController.class.php 第 348 行.
NOTIC: [8] Undefined index: suffix E:\wamp\www\yuwan\Application\Admin\Controller\BaseController.class.php 第 369 行.
INFO: [ view_parse ] --START--
INFO: [ template_filter ] --START--
INFO: Run Behavior\ContentReplaceBehavior [ RunTime:0.000139s ]
INFO: [ template_filter ] --END-- [ RunTime:0.000318s ]
INFO: Run Behavior\ParseTemplateBehavior [ RunTime:0.020957s ]
INFO: [ view_parse ] --END-- [ RunTime:0.021133s ]
INFO: [ view_filter ] --START--
INFO: Run Behavior\WriteHtmlCacheBehavior [ RunTime:0.000816s ]
INFO: [ view_filter ] --END-- [ RunTime:0.000955s ]
INFO: [ app_end ] --START--
INFO: Run Behavior\ShowPageTraceBehavior [ RunTime:0.001127s ]
INFO: [ app_end ] --END-- [ RunTime:0.001273s ]

[ 2016-11-15T16:10:33+08:00 ] 127.0.0.1 /yuwan/admin.php?m=admin&c=Role&a=admin
INFO: [ app_init ] --START--
INFO: Run Behavior\BuildLiteBehavior [ RunTime:0.000038s ]
INFO: [ app_init ] --END-- [ RunTime:0.000733s ]
INFO: [ app_begin ] --START--
INFO: Run Behavior\ReadHtmlCacheBehavior [ RunTime:0.001164s ]
INFO: [ app_begin ] --END-- [ RunTime:0.001361s ]
SQL: SHOW COLUMNS FROM `yw_admin` [ RunTime:0.0056s ]
SQL: SELECT * FROM `yw_admin` WHERE ( id=25 ) LIMIT 1   [ RunTime:0.0005s ]
SQL: SHOW COLUMNS FROM `yw_admin_role_priv` [ RunTime:0.0052s ]
SQL: SELECT * FROM `yw_admin_role_priv` WHERE ( role_id=30 ) LIMIT 1   [ RunTime:0.0003s ]
NOTIC: [8] Undefined index: child E:\wamp\www\yuwan\Application\Admin\Controller\BaseController.class.php 第 348 行.
NOTIC: [8] Undefined index: suffix E:\wamp\www\yuwan\Application\Admin\Controller\BaseController.class.php 第 369 行.
NOTIC: [8] Undefined index: child E:\wamp\www\yuwan\Application\Admin\Controller\BaseController.class.php 第 348 行.
NOTIC: [8] Undefined index: suffix E:\wamp\www\yuwan\Application\Admin\Controller\BaseController.class.php 第 369 行.
NOTIC: [8] Undefined index: child E:\wamp\www\yuwan\Application\Admin\Controller\BaseController.class.php 第 348 行.
NOTIC: [8] Undefined index: suffix E:\wamp\www\yuwan\Application\Admin\Controller\BaseController.class.php 第 369 行.
NOTIC: [8] Undefined index: child E:\wamp\www\yuwan\Application\Admin\Controller\BaseController.class.php 第 348 行.
NOTIC: [8] Undefined index: suffix E:\wamp\www\yuwan\Application\Admin\Controller\BaseController.class.php 第 369 行.
NOTIC: [8] Undefined index: child E:\wamp\www\yuwan\Application\Admin\Controller\BaseController.class.php 第 348 行.
NOTIC: [8] Undefined index: suffix E:\wamp\www\yuwan\Application\Admin\Controller\BaseController.class.php 第 369 行.
NOTIC: [8] Undefined index: child E:\wamp\www\yuwan\Application\Admin\Controller\BaseController.class.php 第 348 行.
NOTIC: [8] Undefined index: suffix E:\wamp\www\yuwan\Application\Admin\Controller\BaseController.class.php 第 369 行.
NOTIC: [8] Undefined index: child E:\wamp\www\yuwan\Application\Admin\Controller\BaseController.class.php 第 348 行.
NOTIC: [8] Undefined index: suffix E:\wamp\www\yuwan\Application\Admin\Controller\BaseController.class.php 第 369 行.
NOTIC: [8] Undefined index: child E:\wamp\www\yuwan\Application\Admin\Controller\BaseController.class.php 第 348 行.
NOTIC: [8] Undefined index: suffix E:\wamp\www\yuwan\Application\Admin\Controller\BaseController.class.php 第 369 行.
NOTIC: [8] Undefined index: child E:\wamp\www\yuwan\Application\Admin\Controller\BaseController.class.php 第 348 行.
NOTIC: [8] Undefined index: suffix E:\wamp\www\yuwan\Application\Admin\Controller\BaseController.class.php 第 369 行.
SQL: SELECT * FROM `yw_admin`  [ RunTime:0.0002s ]
SQL: SELECT yw_admin_role.name FROM yw_admin_role,yw_admin WHERE yw_admin.role_id=yw_admin_role.id [ RunTime:0.0007s ]
INFO: [ view_parse ] --START--
INFO: [ template_filter ] --START--
INFO: Run Behavior\ContentReplaceBehavior [ RunTime:0.000160s ]
INFO: [ template_filter ] --END-- [ RunTime:0.000336s ]
INFO: Run Behavior\ParseTemplateBehavior [ RunTime:0.021489s ]
INFO: [ view_parse ] --END-- [ RunTime:0.021665s ]
INFO: [ view_filter ] --START--
INFO: Run Behavior\WriteHtmlCacheBehavior [ RunTime:0.000874s ]
INFO: [ view_filter ] --END-- [ RunTime:0.001060s ]
INFO: [ app_end ] --START--
INFO: Run Behavior\ShowPageTraceBehavior [ RunTime:0.001269s ]
INFO: [ app_end ] --END-- [ RunTime:0.001425s ]

[ 2016-11-15T16:23:18+08:00 ] 127.0.0.1 /yuwan/admin.php?m=admin&c=Role&a=admin
INFO: [ app_init ] --START--
INFO: Run Behavior\BuildLiteBehavior [ RunTime:0.000036s ]
INFO: [ app_init ] --END-- [ RunTime:0.000734s ]
INFO: [ app_begin ] --START--
INFO: Run Behavior\ReadHtmlCacheBehavior [ RunTime:0.001299s ]
INFO: [ app_begin ] --END-- [ RunTime:0.001477s ]
SQL: SHOW COLUMNS FROM `yw_admin` [ RunTime:0.0054s ]
SQL: SELECT * FROM `yw_admin` WHERE ( id=25 ) LIMIT 1   [ RunTime:0.0004s ]
SQL: SHOW COLUMNS FROM `yw_admin_role_priv` [ RunTime:0.0057s ]
SQL: SELECT * FROM `yw_admin_role_priv` WHERE ( role_id=30 ) LIMIT 1   [ RunTime:0.0004s ]
NOTIC: [8] Undefined index: child E:\wamp\www\yuwan\Application\Admin\Controller\BaseController.class.php 第 348 行.
NOTIC: [8] Undefined index: suffix E:\wamp\www\yuwan\Application\Admin\Controller\BaseController.class.php 第 369 行.
NOTIC: [8] Undefined index: child E:\wamp\www\yuwan\Application\Admin\Controller\BaseController.class.php 第 348 行.
NOTIC: [8] Undefined index: suffix E:\wamp\www\yuwan\Application\Admin\Controller\BaseController.class.php 第 369 行.
NOTIC: [8] Undefined index: child E:\wamp\www\yuwan\Application\Admin\Controller\BaseController.class.php 第 348 行.
NOTIC: [8] Undefined index: suffix E:\wamp\www\yuwan\Application\Admin\Controller\BaseController.class.php 第 369 行.
NOTIC: [8] Undefined index: child E:\wamp\www\yuwan\Application\Admin\Controller\BaseController.class.php 第 348 行.
NOTIC: [8] Undefined index: suffix E:\wamp\www\yuwan\Application\Admin\Controller\BaseController.class.php 第 369 行.
NOTIC: [8] Undefined index: child E:\wamp\www\yuwan\Application\Admin\Controller\BaseController.class.php 第 348 行.
NOTIC: [8] Undefined index: suffix E:\wamp\www\yuwan\Application\Admin\Controller\BaseController.class.php 第 369 行.
NOTIC: [8] Undefined index: child E:\wamp\www\yuwan\Application\Admin\Controller\BaseController.class.php 第 348 行.
NOTIC: [8] Undefined index: suffix E:\wamp\www\yuwan\Application\Admin\Controller\BaseController.class.php 第 369 行.
NOTIC: [8] Undefined index: child E:\wamp\www\yuwan\Application\Admin\Controller\BaseController.class.php 第 348 行.
NOTIC: [8] Undefined index: suffix E:\wamp\www\yuwan\Application\Admin\Controller\BaseController.class.php 第 369 行.
NOTIC: [8] Undefined index: child E:\wamp\www\yuwan\Application\Admin\Controller\BaseController.class.php 第 348 行.
NOTIC: [8] Undefined index: suffix E:\wamp\www\yuwan\Application\Admin\Controller\BaseController.class.php 第 369 行.
NOTIC: [8] Undefined index: child E:\wamp\www\yuwan\Application\Admin\Controller\BaseController.class.php 第 348 行.
NOTIC: [8] Undefined index: suffix E:\wamp\www\yuwan\Application\Admin\Controller\BaseController.class.php 第 369 行.
SQL: SELECT * FROM `yw_admin`  [ RunTime:0.0004s ]
SQL: SELECT yw_admin_role.name FROM yw_admin_role,yw_admin WHERE yw_admin.role_id=yw_admin_role.id [ RunTime:0.0002s ]
INFO: [ view_parse ] --START--
INFO: [ template_filter ] --START--
INFO: Run Behavior\ContentReplaceBehavior [ RunTime:0.000157s ]
INFO: [ template_filter ] --END-- [ RunTime:0.000333s ]
INFO: Run Behavior\ParseTemplateBehavior [ RunTime:0.022126s ]
INFO: [ view_parse ] --END-- [ RunTime:0.022292s ]
INFO: [ view_filter ] --START--
INFO: Run Behavior\WriteHtmlCacheBehavior [ RunTime:0.000892s ]
INFO: [ view_filter ] --END-- [ RunTime:0.001036s ]
INFO: [ app_end ] --START--
INFO: Run Behavior\ShowPageTraceBehavior [ RunTime:0.002040s ]
INFO: [ app_end ] --END-- [ RunTime:0.002214s ]

