[ 2016-12-02T16:28:54+08:00 ] 127.0.0.1 /yuwan/admin.php
INFO: [ app_init ] --START--
INFO: Run Behavior\BuildLiteBehavior [ RunTime:0.000034s ]
INFO: [ app_init ] --END-- [ RunTime:0.000847s ]
INFO: [ app_begin ] --START--
INFO: Run Behavior\ReadHtmlCacheBehavior [ RunTime:0.001508s ]
INFO: [ app_begin ] --END-- [ RunTime:0.001675s ]

[ 2016-12-02T16:28:55+08:00 ] 127.0.0.1 /yuwan/admin.php?m=Admin&c=auth&a=login
INFO: [ app_init ] --START--
INFO: Run Behavior\BuildLiteBehavior [ RunTime:0.000033s ]
INFO: [ app_init ] --END-- [ RunTime:0.000805s ]
INFO: [ app_begin ] --START--
INFO: Run Behavior\ReadHtmlCacheBehavior [ RunTime:0.001538s ]
INFO: [ app_begin ] --END-- [ RunTime:0.001712s ]
NOTIC: [8] Undefined variable: redirect_url E:\wamp\www\yuwan\Application\Admin\Controller\AuthController.class.php 第 120 行.
INFO: [ view_parse ] --START--
INFO: [ template_filter ] --START--
INFO: Run Behavior\ContentReplaceBehavior [ RunTime:0.000120s ]
INFO: [ template_filter ] --END-- [ RunTime:0.000288s ]
NOTIC: [8] Undefined variable: site_title E:\wamp\www\yuwan\Application\Runtime\Cache\Admin\dcfb7ddaab59bfbce2ddc9c860debad0.php 第 85 行.
NOTIC: [8] Undefined variable: meta_title E:\wamp\www\yuwan\Application\Runtime\Cache\Admin\dcfb7ddaab59bfbce2ddc9c860debad0.php 第 95 行.
NOTIC: [8] Undefined variable: error E:\wamp\www\yuwan\Application\Runtime\Cache\Admin\dcfb7ddaab59bfbce2ddc9c860debad0.php 第 116 行.
INFO: Run Behavior\ParseTemplateBehavior [ RunTime:0.024010s ]
INFO: [ view_parse ] --END-- [ RunTime:0.024158s ]
INFO: [ view_filter ] --START--
INFO: Run Behavior\WriteHtmlCacheBehavior [ RunTime:0.001284s ]
INFO: [ view_filter ] --END-- [ RunTime:0.001426s ]
INFO: [ app_end ] --START--
INFO: Run Behavior\ShowPageTraceBehavior [ RunTime:0.002994s ]
INFO: [ app_end ] --END-- [ RunTime:0.003166s ]

[ 2016-12-02T16:28:55+08:00 ] 127.0.0.1 /yuwan/admin.php?m=Admin&c=auth&a=verify
INFO: [ app_init ] --START--
INFO: Run Behavior\BuildLiteBehavior [ RunTime:0.000052s ]
INFO: [ app_init ] --END-- [ RunTime:0.001149s ]
INFO: [ app_begin ] --START--
INFO: Run Behavior\ReadHtmlCacheBehavior [ RunTime:0.002201s ]
INFO: [ app_begin ] --END-- [ RunTime:0.002513s ]
INFO: [ app_end ] --START--
INFO: Run Behavior\ShowPageTraceBehavior [ RunTime:0.002560s ]
INFO: [ app_end ] --END-- [ RunTime:0.003039s ]

[ 2016-12-02T16:29:04+08:00 ] 127.0.0.1 /yuwan/admin.php?m=Admin&c=auth&a=login
INFO: [ app_init ] --START--
INFO: Run Behavior\BuildLiteBehavior [ RunTime:0.000037s ]
INFO: [ app_init ] --END-- [ RunTime:0.000882s ]
INFO: [ app_begin ] --START--
INFO: Run Behavior\ReadHtmlCacheBehavior [ RunTime:0.001484s ]
INFO: [ app_begin ] --END-- [ RunTime:0.001661s ]
SQL: SHOW COLUMNS FROM `yw_admin` [ RunTime:0.0070s ]
SQL: SELECT * FROM `yw_admin` WHERE `name` = 'admin' LIMIT 1   [ RunTime:0.0005s ]
SQL: UPDATE `yw_admin` SET `last_time`='2016-12-02 16:29:04' WHERE `id` = 25 [ RunTime:0.0005s ]
NOTIC: [8] Undefined index: real_name E:\wamp\www\yuwan\Application\Admin\Controller\AuthController.class.php 第 97 行.

[ 2016-12-02T16:29:04+08:00 ] 127.0.0.1 /yuwan/admin.php?m=Admin&c=index&a=index
INFO: [ app_init ] --START--
INFO: Run Behavior\BuildLiteBehavior [ RunTime:0.000035s ]
INFO: [ app_init ] --END-- [ RunTime:0.000763s ]
INFO: [ app_begin ] --START--
INFO: Run Behavior\ReadHtmlCacheBehavior [ RunTime:0.001208s ]
INFO: [ app_begin ] --END-- [ RunTime:0.001390s ]
SQL: SHOW COLUMNS FROM `yw_admin` [ RunTime:0.0056s ]
SQL: SELECT * FROM `yw_admin` WHERE ( id=25 ) LIMIT 1   [ RunTime:0.0004s ]
SQL: SHOW COLUMNS FROM `yw_admin_role_priv` [ RunTime:0.0062s ]
SQL: SELECT * FROM `yw_admin_role_priv` WHERE ( role_id=30 ) LIMIT 1   [ RunTime:0.0003s ]
NOTIC: [8] Undefined index: child E:\wamp\www\yuwan\Application\Admin\Controller\BaseController.class.php 第 348 行.
NOTIC: [8] Undefined index: suffix E:\wamp\www\yuwan\Application\Admin\Controller\BaseController.class.php 第 369 行.
NOTIC: [8] Undefined index: child E:\wamp\www\yuwan\Application\Admin\Controller\BaseController.class.php 第 348 行.
NOTIC: [8] Undefined index: suffix E:\wamp\www\yuwan\Application\Admin\Controller\BaseController.class.php 第 369 行.
NOTIC: [8] Undefined index: child E:\wamp\www\yuwan\Application\Admin\Controller\BaseController.class.php 第 348 行.
NOTIC: [8] Undefined index: suffix E:\wamp\www\yuwan\Application\Admin\Controller\BaseController.class.php 第 369 行.
NOTIC: [8] Undefined index: child E:\wamp\www\yuwan\Application\Admin\Controller\BaseController.class.php 第 348 行.
NOTIC: [8] Undefined index: suffix E:\wamp\www\yuwan\Application\Admin\Controller\BaseController.class.php 第 369 行.
NOTIC: [8] Undefined index: child E:\wamp\www\yuwan\Application\Admin\Controller\BaseController.class.php 第 348 行.
NOTIC: [8] Undefined index: suffix E:\wamp\www\yuwan\Application\Admin\Controller\BaseController.class.php 第 369 行.
NOTIC: [8] Undefined index: child E:\wamp\www\yuwan\Application\Admin\Controller\BaseController.class.php 第 348 行.
NOTIC: [8] Undefined index: suffix E:\wamp\www\yuwan\Application\Admin\Controller\BaseController.class.php 第 369 行.
NOTIC: [8] Undefined index: child E:\wamp\www\yuwan\Application\Admin\Controller\BaseController.class.php 第 348 行.
NOTIC: [8] Undefined index: suffix E:\wamp\www\yuwan\Application\Admin\Controller\BaseController.class.php 第 369 行.
NOTIC: [8] Undefined index: child E:\wamp\www\yuwan\Application\Admin\Controller\BaseController.class.php 第 348 行.
NOTIC: [8] Undefined index: suffix E:\wamp\www\yuwan\Application\Admin\Controller\BaseController.class.php 第 369 行.
NOTIC: [8] Undefined index: child E:\wamp\www\yuwan\Application\Admin\Controller\BaseController.class.php 第 348 行.
NOTIC: [8] Undefined index: suffix E:\wamp\www\yuwan\Application\Admin\Controller\BaseController.class.php 第 369 行.
INFO: [ view_parse ] --START--
INFO: [ template_filter ] --START--
INFO: Run Behavior\ContentReplaceBehavior [ RunTime:0.000138s ]
INFO: [ template_filter ] --END-- [ RunTime:0.000340s ]
INFO: Run Behavior\ParseTemplateBehavior [ RunTime:0.019851s ]
INFO: [ view_parse ] --END-- [ RunTime:0.020035s ]
INFO: [ view_filter ] --START--
INFO: Run Behavior\WriteHtmlCacheBehavior [ RunTime:0.000670s ]
INFO: [ view_filter ] --END-- [ RunTime:0.000810s ]
INFO: [ app_end ] --START--
INFO: Run Behavior\ShowPageTraceBehavior [ RunTime:0.001036s ]
INFO: [ app_end ] --END-- [ RunTime:0.001216s ]

[ 2016-12-02T16:29:07+08:00 ] 127.0.0.1 /yuwan/admin.php?m=admin&c=Myspace&a=index
INFO: [ app_init ] --START--
INFO: Run Behavior\BuildLiteBehavior [ RunTime:0.000034s ]
INFO: [ app_init ] --END-- [ RunTime:0.000627s ]
INFO: [ app_begin ] --START--
INFO: Run Behavior\ReadHtmlCacheBehavior [ RunTime:0.000755s ]
INFO: [ app_begin ] --END-- [ RunTime:0.000904s ]
NOTIC: [2048] Declaration of Admin\Controller\MyspaceController::show() should be compatible with that of Think\Controller::show() E:\wamp\www\yuwan\Application\Admin\Controller\MyspaceController.class.php 第 15 行.
SQL: SHOW COLUMNS FROM `yw_admin` [ RunTime:0.0068s ]
SQL: SELECT * FROM `yw_admin` WHERE ( id=25 ) LIMIT 1   [ RunTime:0.0004s ]
SQL: SHOW COLUMNS FROM `yw_admin_role_priv` [ RunTime:0.0052s ]
SQL: SELECT * FROM `yw_admin_role_priv` WHERE ( role_id=30 ) LIMIT 1   [ RunTime:0.0004s ]
NOTIC: [8] Undefined index: child E:\wamp\www\yuwan\Application\Admin\Controller\BaseController.class.php 第 348 行.
NOTIC: [8] Undefined index: suffix E:\wamp\www\yuwan\Application\Admin\Controller\BaseController.class.php 第 369 行.
NOTIC: [8] Undefined index: child E:\wamp\www\yuwan\Application\Admin\Controller\BaseController.class.php 第 348 行.
NOTIC: [8] Undefined index: suffix E:\wamp\www\yuwan\Application\Admin\Controller\BaseController.class.php 第 369 行.
NOTIC: [8] Undefined index: child E:\wamp\www\yuwan\Application\Admin\Controller\BaseController.class.php 第 348 行.
NOTIC: [8] Undefined index: suffix E:\wamp\www\yuwan\Application\Admin\Controller\BaseController.class.php 第 369 行.
NOTIC: [8] Undefined index: child E:\wamp\www\yuwan\Application\Admin\Controller\BaseController.class.php 第 348 行.
NOTIC: [8] Undefined index: suffix E:\wamp\www\yuwan\Application\Admin\Controller\BaseController.class.php 第 369 行.
NOTIC: [8] Undefined index: child E:\wamp\www\yuwan\Application\Admin\Controller\BaseController.class.php 第 348 行.
NOTIC: [8] Undefined index: suffix E:\wamp\www\yuwan\Application\Admin\Controller\BaseController.class.php 第 369 行.
NOTIC: [8] Undefined index: child E:\wamp\www\yuwan\Application\Admin\Controller\BaseController.class.php 第 348 行.
NOTIC: [8] Undefined index: suffix E:\wamp\www\yuwan\Application\Admin\Controller\BaseController.class.php 第 369 行.
NOTIC: [8] Undefined index: child E:\wamp\www\yuwan\Application\Admin\Controller\BaseController.class.php 第 348 行.
NOTIC: [8] Undefined index: suffix E:\wamp\www\yuwan\Application\Admin\Controller\BaseController.class.php 第 369 行.
NOTIC: [8] Undefined index: child E:\wamp\www\yuwan\Application\Admin\Controller\BaseController.class.php 第 348 行.
NOTIC: [8] Undefined index: suffix E:\wamp\www\yuwan\Application\Admin\Controller\BaseController.class.php 第 369 行.
NOTIC: [8] Undefined index: child E:\wamp\www\yuwan\Application\Admin\Controller\BaseController.class.php 第 348 行.
NOTIC: [8] Undefined index: suffix E:\wamp\www\yuwan\Application\Admin\Controller\BaseController.class.php 第 369 行.
SQL: SHOW COLUMNS FROM `yw_myspace` [ RunTime:0.0226s ]
SQL: SELECT COUNT(*) FROM yw_user,yw_myspace WHERE yw_myspace.user_id = yw_user.id [ RunTime:0.0090s ]
SQL: SELECT COUNT(*) FROM yw_user,yw_myspace WHERE yw_myspace.user_id = yw_user.id [ RunTime:0.0008s ]
SQL: SELECT yw_user.username,yw_myspace.id,yw_myspace.content,yw_myspace.add_time 
                FROM yw_user,yw_myspace WHERE yw_myspace.user_id = yw_user.id limit 0,20 [ RunTime:0.0006s ]
INFO: [ view_parse ] --START--
INFO: [ template_filter ] --START--
INFO: Run Behavior\ContentReplaceBehavior [ RunTime:0.000146s ]
INFO: [ template_filter ] --END-- [ RunTime:0.000309s ]
INFO: Run Behavior\ParseTemplateBehavior [ RunTime:0.029462s ]
INFO: [ view_parse ] --END-- [ RunTime:0.029621s ]
INFO: [ view_filter ] --START--
INFO: Run Behavior\WriteHtmlCacheBehavior [ RunTime:0.000542s ]
INFO: [ view_filter ] --END-- [ RunTime:0.000680s ]
INFO: [ app_end ] --START--
INFO: Run Behavior\ShowPageTraceBehavior [ RunTime:0.000917s ]
INFO: [ app_end ] --END-- [ RunTime:0.001070s ]

[ 2016-12-02T16:29:10+08:00 ] 127.0.0.1 /yuwan/admin.php?m=admin&c=Money&a=index
INFO: [ app_init ] --START--
INFO: Run Behavior\BuildLiteBehavior [ RunTime:0.000033s ]
INFO: [ app_init ] --END-- [ RunTime:0.000635s ]
INFO: [ app_begin ] --START--
INFO: Run Behavior\ReadHtmlCacheBehavior [ RunTime:0.000719s ]
INFO: [ app_begin ] --END-- [ RunTime:0.000865s ]
SQL: SHOW COLUMNS FROM `yw_admin` [ RunTime:0.0058s ]
SQL: SELECT * FROM `yw_admin` WHERE ( id=25 ) LIMIT 1   [ RunTime:0.0004s ]
SQL: SHOW COLUMNS FROM `yw_admin_role_priv` [ RunTime:0.0063s ]
SQL: SELECT * FROM `yw_admin_role_priv` WHERE ( role_id=30 ) LIMIT 1   [ RunTime:0.0005s ]
NOTIC: [8] Undefined index: child E:\wamp\www\yuwan\Application\Admin\Controller\BaseController.class.php 第 348 行.
NOTIC: [8] Undefined index: suffix E:\wamp\www\yuwan\Application\Admin\Controller\BaseController.class.php 第 369 行.
NOTIC: [8] Undefined index: child E:\wamp\www\yuwan\Application\Admin\Controller\BaseController.class.php 第 348 行.
NOTIC: [8] Undefined index: suffix E:\wamp\www\yuwan\Application\Admin\Controller\BaseController.class.php 第 369 行.
NOTIC: [8] Undefined index: child E:\wamp\www\yuwan\Application\Admin\Controller\BaseController.class.php 第 348 行.
NOTIC: [8] Undefined index: suffix E:\wamp\www\yuwan\Application\Admin\Controller\BaseController.class.php 第 369 行.
NOTIC: [8] Undefined index: child E:\wamp\www\yuwan\Application\Admin\Controller\BaseController.class.php 第 348 行.
NOTIC: [8] Undefined index: suffix E:\wamp\www\yuwan\Application\Admin\Controller\BaseController.class.php 第 369 行.
NOTIC: [8] Undefined index: child E:\wamp\www\yuwan\Application\Admin\Controller\BaseController.class.php 第 348 行.
NOTIC: [8] Undefined index: suffix E:\wamp\www\yuwan\Application\Admin\Controller\BaseController.class.php 第 369 行.
NOTIC: [8] Undefined index: child E:\wamp\www\yuwan\Application\Admin\Controller\BaseController.class.php 第 348 行.
NOTIC: [8] Undefined index: suffix E:\wamp\www\yuwan\Application\Admin\Controller\BaseController.class.php 第 369 行.
NOTIC: [8] Undefined index: child E:\wamp\www\yuwan\Application\Admin\Controller\BaseController.class.php 第 348 行.
NOTIC: [8] Undefined index: suffix E:\wamp\www\yuwan\Application\Admin\Controller\BaseController.class.php 第 369 行.
NOTIC: [8] Undefined index: child E:\wamp\www\yuwan\Application\Admin\Controller\BaseController.class.php 第 348 行.
NOTIC: [8] Undefined index: suffix E:\wamp\www\yuwan\Application\Admin\Controller\BaseController.class.php 第 369 行.
NOTIC: [8] Undefined index: child E:\wamp\www\yuwan\Application\Admin\Controller\BaseController.class.php 第 348 行.
NOTIC: [8] Undefined index: suffix E:\wamp\www\yuwan\Application\Admin\Controller\BaseController.class.php 第 369 行.
SQL: SHOW COLUMNS FROM `yw_money` [ RunTime:0.0069s ]
SQL: SELECT COUNT(*) AS tp_count FROM `yw_money` LIMIT 1   [ RunTime:0.0003s ]
SQL: SELECT a.id, a.sn,a.money,a.type,a.add_time,a.pay_type,a.pay_status,b.username from yw_money as a, yw_user as b WHERE a.user_id = b.id ORDER BY a.id DESC limit 0,20 [ RunTime:0.0011s ]
INFO: [ view_parse ] --START--
INFO: [ template_filter ] --START--
INFO: Run Behavior\ContentReplaceBehavior [ RunTime:0.000149s ]
INFO: [ template_filter ] --END-- [ RunTime:0.000319s ]
NOTIC: [8] Undefined variable: keyword E:\wamp\www\yuwan\Application\Runtime\Cache\Admin\2bcb75fdd7f7c629b0eb9a57eee1264f.php 第 100 行.
INFO: Run Behavior\ParseTemplateBehavior [ RunTime:0.033670s ]
INFO: [ view_parse ] --END-- [ RunTime:0.033827s ]
INFO: [ view_filter ] --START--
INFO: Run Behavior\WriteHtmlCacheBehavior [ RunTime:0.000556s ]
INFO: [ view_filter ] --END-- [ RunTime:0.000692s ]
INFO: [ app_end ] --START--
INFO: Run Behavior\ShowPageTraceBehavior [ RunTime:0.000713s ]
INFO: [ app_end ] --END-- [ RunTime:0.000849s ]

[ 2016-12-02T16:29:15+08:00 ] 127.0.0.1 /yuwan/admin.php?m=admin&c=Goods&a=index
INFO: [ app_init ] --START--
INFO: Run Behavior\BuildLiteBehavior [ RunTime:0.000035s ]
INFO: [ app_init ] --END-- [ RunTime:0.000676s ]
INFO: [ app_begin ] --START--
INFO: Run Behavior\ReadHtmlCacheBehavior [ RunTime:0.000710s ]
INFO: [ app_begin ] --END-- [ RunTime:0.000855s ]
SQL: SHOW COLUMNS FROM `yw_admin` [ RunTime:0.0067s ]
SQL: SELECT * FROM `yw_admin` WHERE ( id=25 ) LIMIT 1   [ RunTime:0.0004s ]
SQL: SHOW COLUMNS FROM `yw_admin_role_priv` [ RunTime:0.0061s ]
SQL: SELECT * FROM `yw_admin_role_priv` WHERE ( role_id=30 ) LIMIT 1   [ RunTime:0.0004s ]
NOTIC: [8] Undefined index: child E:\wamp\www\yuwan\Application\Admin\Controller\BaseController.class.php 第 348 行.
NOTIC: [8] Undefined index: suffix E:\wamp\www\yuwan\Application\Admin\Controller\BaseController.class.php 第 369 行.
NOTIC: [8] Undefined index: child E:\wamp\www\yuwan\Application\Admin\Controller\BaseController.class.php 第 348 行.
NOTIC: [8] Undefined index: suffix E:\wamp\www\yuwan\Application\Admin\Controller\BaseController.class.php 第 369 行.
NOTIC: [8] Undefined index: child E:\wamp\www\yuwan\Application\Admin\Controller\BaseController.class.php 第 348 行.
NOTIC: [8] Undefined index: suffix E:\wamp\www\yuwan\Application\Admin\Controller\BaseController.class.php 第 369 行.
NOTIC: [8] Undefined index: child E:\wamp\www\yuwan\Application\Admin\Controller\BaseController.class.php 第 348 行.
NOTIC: [8] Undefined index: suffix E:\wamp\www\yuwan\Application\Admin\Controller\BaseController.class.php 第 369 行.
NOTIC: [8] Undefined index: child E:\wamp\www\yuwan\Application\Admin\Controller\BaseController.class.php 第 348 行.
NOTIC: [8] Undefined index: suffix E:\wamp\www\yuwan\Application\Admin\Controller\BaseController.class.php 第 369 行.
NOTIC: [8] Undefined index: child E:\wamp\www\yuwan\Application\Admin\Controller\BaseController.class.php 第 348 行.
NOTIC: [8] Undefined index: suffix E:\wamp\www\yuwan\Application\Admin\Controller\BaseController.class.php 第 369 行.
NOTIC: [8] Undefined index: child E:\wamp\www\yuwan\Application\Admin\Controller\BaseController.class.php 第 348 行.
NOTIC: [8] Undefined index: suffix E:\wamp\www\yuwan\Application\Admin\Controller\BaseController.class.php 第 369 行.
NOTIC: [8] Undefined index: child E:\wamp\www\yuwan\Application\Admin\Controller\BaseController.class.php 第 348 行.
NOTIC: [8] Undefined index: suffix E:\wamp\www\yuwan\Application\Admin\Controller\BaseController.class.php 第 369 行.
NOTIC: [8] Undefined index: child E:\wamp\www\yuwan\Application\Admin\Controller\BaseController.class.php 第 348 行.
NOTIC: [8] Undefined index: suffix E:\wamp\www\yuwan\Application\Admin\Controller\BaseController.class.php 第 369 行.
SQL: SHOW COLUMNS FROM `yw_goods` [ RunTime:0.0105s ]
SQL: SELECT COUNT(*) AS tp_count FROM `yw_goods` LIMIT 1   [ RunTime:0.0003s ]
SQL: SELECT * FROM `yw_goods` ORDER BY add_time desc LIMIT 0,20   [ RunTime:0.0044s ]
INFO: [ view_parse ] --START--
INFO: [ template_filter ] --START--
INFO: Run Behavior\ContentReplaceBehavior [ RunTime:0.001816s ]
INFO: [ template_filter ] --END-- [ RunTime:0.002302s ]
NOTIC: [8] Undefined variable: keyword E:\wamp\www\yuwan\Application\Runtime\Cache\Admin\7460c3bd08e8aaf3e719467d6ea19bd3.php 第 95 行.
INFO: Run Behavior\ParseTemplateBehavior [ RunTime:0.031674s ]
INFO: [ view_parse ] --END-- [ RunTime:0.031847s ]
INFO: [ view_filter ] --START--
INFO: Run Behavior\WriteHtmlCacheBehavior [ RunTime:0.000511s ]
INFO: [ view_filter ] --END-- [ RunTime:0.000648s ]
INFO: [ app_end ] --START--
INFO: Run Behavior\ShowPageTraceBehavior [ RunTime:0.000717s ]
INFO: [ app_end ] --END-- [ RunTime:0.000854s ]

[ 2016-12-02T16:29:18+08:00 ] 127.0.0.1 /yuwan/admin.php?m=Admin&c=Goods&a=aj
INFO: [ app_init ] --START--
INFO: Run Behavior\BuildLiteBehavior [ RunTime:0.000033s ]
INFO: [ app_init ] --END-- [ RunTime:0.000614s ]
INFO: [ app_begin ] --START--
INFO: Run Behavior\ReadHtmlCacheBehavior [ RunTime:0.000712s ]
INFO: [ app_begin ] --END-- [ RunTime:0.000855s ]
SQL: SHOW COLUMNS FROM `yw_admin` [ RunTime:0.0057s ]
SQL: SELECT * FROM `yw_admin` WHERE ( id=25 ) LIMIT 1   [ RunTime:0.0004s ]
SQL: SHOW COLUMNS FROM `yw_admin_role_priv` [ RunTime:0.0052s ]
SQL: SELECT * FROM `yw_admin_role_priv` WHERE ( role_id=30 ) LIMIT 1   [ RunTime:0.0004s ]
NOTIC: [8] Undefined index: child E:\wamp\www\yuwan\Application\Admin\Controller\BaseController.class.php 第 348 行.
NOTIC: [8] Undefined index: suffix E:\wamp\www\yuwan\Application\Admin\Controller\BaseController.class.php 第 369 行.
NOTIC: [8] Undefined index: child E:\wamp\www\yuwan\Application\Admin\Controller\BaseController.class.php 第 348 行.
NOTIC: [8] Undefined index: suffix E:\wamp\www\yuwan\Application\Admin\Controller\BaseController.class.php 第 369 行.
NOTIC: [8] Undefined index: child E:\wamp\www\yuwan\Application\Admin\Controller\BaseController.class.php 第 348 行.
NOTIC: [8] Undefined index: suffix E:\wamp\www\yuwan\Application\Admin\Controller\BaseController.class.php 第 369 行.
NOTIC: [8] Undefined index: child E:\wamp\www\yuwan\Application\Admin\Controller\BaseController.class.php 第 348 行.
NOTIC: [8] Undefined index: suffix E:\wamp\www\yuwan\Application\Admin\Controller\BaseController.class.php 第 369 行.
NOTIC: [8] Undefined index: child E:\wamp\www\yuwan\Application\Admin\Controller\BaseController.class.php 第 348 行.
NOTIC: [8] Undefined index: suffix E:\wamp\www\yuwan\Application\Admin\Controller\BaseController.class.php 第 369 行.
NOTIC: [8] Undefined index: child E:\wamp\www\yuwan\Application\Admin\Controller\BaseController.class.php 第 348 行.
NOTIC: [8] Undefined index: suffix E:\wamp\www\yuwan\Application\Admin\Controller\BaseController.class.php 第 369 行.
NOTIC: [8] Undefined index: child E:\wamp\www\yuwan\Application\Admin\Controller\BaseController.class.php 第 348 行.
NOTIC: [8] Undefined index: suffix E:\wamp\www\yuwan\Application\Admin\Controller\BaseController.class.php 第 369 行.
NOTIC: [8] Undefined index: child E:\wamp\www\yuwan\Application\Admin\Controller\BaseController.class.php 第 348 行.
NOTIC: [8] Undefined index: suffix E:\wamp\www\yuwan\Application\Admin\Controller\BaseController.class.php 第 369 行.
NOTIC: [8] Undefined index: child E:\wamp\www\yuwan\Application\Admin\Controller\BaseController.class.php 第 348 行.
NOTIC: [8] Undefined index: suffix E:\wamp\www\yuwan\Application\Admin\Controller\BaseController.class.php 第 369 行.
SQL: SHOW COLUMNS FROM `yw_goods` [ RunTime:0.0059s ]
SQL: UPDATE `yw_goods` SET `add_time`='' WHERE ( id=16 ) [ RunTime:0.0006s ]
INFO: [ app_end ] --START--
INFO: Run Behavior\ShowPageTraceBehavior [ RunTime:0.000865s ]
INFO: [ app_end ] --END-- [ RunTime:0.000992s ]

[ 2016-12-02T16:34:53+08:00 ] 127.0.0.1 /yuwan/admin.php?m=admin&c=Goods&a=index
INFO: [ app_init ] --START--
INFO: Run Behavior\BuildLiteBehavior [ RunTime:0.000035s ]
INFO: [ app_init ] --END-- [ RunTime:0.000744s ]
INFO: [ app_begin ] --START--
INFO: Run Behavior\ReadHtmlCacheBehavior [ RunTime:0.001146s ]
INFO: [ app_begin ] --END-- [ RunTime:0.001315s ]
SQL: SHOW COLUMNS FROM `yw_admin` [ RunTime:0.0053s ]
SQL: SELECT * FROM `yw_admin` WHERE ( id=25 ) LIMIT 1   [ RunTime:0.0004s ]
SQL: SHOW COLUMNS FROM `yw_admin_role_priv` [ RunTime:0.0052s ]
SQL: SELECT * FROM `yw_admin_role_priv` WHERE ( role_id=30 ) LIMIT 1   [ RunTime:0.0005s ]
NOTIC: [8] Undefined index: child E:\wamp\www\yuwan\Application\Admin\Controller\BaseController.class.php 第 348 行.
NOTIC: [8] Undefined index: suffix E:\wamp\www\yuwan\Application\Admin\Controller\BaseController.class.php 第 369 行.
NOTIC: [8] Undefined index: child E:\wamp\www\yuwan\Application\Admin\Controller\BaseController.class.php 第 348 行.
NOTIC: [8] Undefined index: suffix E:\wamp\www\yuwan\Application\Admin\Controller\BaseController.class.php 第 369 行.
NOTIC: [8] Undefined index: child E:\wamp\www\yuwan\Application\Admin\Controller\BaseController.class.php 第 348 行.
NOTIC: [8] Undefined index: suffix E:\wamp\www\yuwan\Application\Admin\Controller\BaseController.class.php 第 369 行.
NOTIC: [8] Undefined index: child E:\wamp\www\yuwan\Application\Admin\Controller\BaseController.class.php 第 348 行.
NOTIC: [8] Undefined index: suffix E:\wamp\www\yuwan\Application\Admin\Controller\BaseController.class.php 第 369 行.
NOTIC: [8] Undefined index: child E:\wamp\www\yuwan\Application\Admin\Controller\BaseController.class.php 第 348 行.
NOTIC: [8] Undefined index: suffix E:\wamp\www\yuwan\Application\Admin\Controller\BaseController.class.php 第 369 行.
NOTIC: [8] Undefined index: child E:\wamp\www\yuwan\Application\Admin\Controller\BaseController.class.php 第 348 行.
NOTIC: [8] Undefined index: suffix E:\wamp\www\yuwan\Application\Admin\Controller\BaseController.class.php 第 369 行.
NOTIC: [8] Undefined index: child E:\wamp\www\yuwan\Application\Admin\Controller\BaseController.class.php 第 348 行.
NOTIC: [8] Undefined index: suffix E:\wamp\www\yuwan\Application\Admin\Controller\BaseController.class.php 第 369 行.
NOTIC: [8] Undefined index: child E:\wamp\www\yuwan\Application\Admin\Controller\BaseController.class.php 第 348 行.
NOTIC: [8] Undefined index: suffix E:\wamp\www\yuwan\Application\Admin\Controller\BaseController.class.php 第 369 行.
NOTIC: [8] Undefined index: child E:\wamp\www\yuwan\Application\Admin\Controller\BaseController.class.php 第 348 行.
NOTIC: [8] Undefined index: suffix E:\wamp\www\yuwan\Application\Admin\Controller\BaseController.class.php 第 369 行.
SQL: SHOW COLUMNS FROM `yw_goods` [ RunTime:0.0059s ]
SQL: SELECT COUNT(*) AS tp_count FROM `yw_goods` LIMIT 1   [ RunTime:0.0003s ]
SQL: SELECT * FROM `yw_goods` ORDER BY add_time desc LIMIT 0,20   [ RunTime:0.0007s ]
INFO: [ view_parse ] --START--
INFO: [ template_filter ] --START--
INFO: Run Behavior\ContentReplaceBehavior [ RunTime:0.000151s ]
INFO: [ template_filter ] --END-- [ RunTime:0.000328s ]
NOTIC: [8] Undefined variable: keyword E:\wamp\www\yuwan\Application\Runtime\Cache\Admin\7460c3bd08e8aaf3e719467d6ea19bd3.php 第 95 行.
INFO: Run Behavior\ParseTemplateBehavior [ RunTime:0.027667s ]
INFO: [ view_parse ] --END-- [ RunTime:0.027894s ]
INFO: [ view_filter ] --START--
INFO: Run Behavior\WriteHtmlCacheBehavior [ RunTime:0.000710s ]
INFO: [ view_filter ] --END-- [ RunTime:0.001028s ]
INFO: [ app_end ] --START--
INFO: Run Behavior\ShowPageTraceBehavior [ RunTime:0.000987s ]
INFO: [ app_end ] --END-- [ RunTime:0.001137s ]

