[ 2016-11-01T21:50:06+08:00 ] 127.0.0.1 /www/yuwan/admin.php?_ijt=kd0f0n7g4qd0f46ogi78dqbd7c
INFO: [ app_init ] --START--
INFO: Run Behavior\BuildLiteBehavior [ RunTime:0.000042s ]
INFO: [ app_init ] --END-- [ RunTime:0.001300s ]
INFO: [ app_begin ] --START--
INFO: Run Behavior\ReadHtmlCacheBehavior [ RunTime:0.001139s ]
INFO: [ app_begin ] --END-- [ RunTime:0.001325s ]

[ 2016-11-01T21:50:07+08:00 ] 127.0.0.1 /www/yuwan/admin.php?m=Admin&c=auth&a=login
INFO: [ app_init ] --START--
INFO: Run Behavior\BuildLiteBehavior [ RunTime:0.000057s ]
INFO: [ app_init ] --END-- [ RunTime:0.000789s ]
INFO: [ app_begin ] --START--
INFO: Run Behavior\ReadHtmlCacheBehavior [ RunTime:0.000849s ]
INFO: [ app_begin ] --END-- [ RunTime:0.001017s ]
NOTIC: [8] Undefined variable: redirect_url E:\wamp\www\yuwan\Application\Admin\Controller\AuthController.class.php 第 120 行.
INFO: [ view_parse ] --START--
INFO: [ template_filter ] --START--
INFO: Run Behavior\ContentReplaceBehavior [ RunTime:0.000189s ]
INFO: [ template_filter ] --END-- [ RunTime:0.000452s ]
NOTIC: [8] Undefined variable: site_title E:\wamp\www\yuwan\Application\Runtime\Cache\Admin\dcfb7ddaab59bfbce2ddc9c860debad0.php 第 85 行.
NOTIC: [8] Undefined variable: meta_title E:\wamp\www\yuwan\Application\Runtime\Cache\Admin\dcfb7ddaab59bfbce2ddc9c860debad0.php 第 95 行.
NOTIC: [8] Undefined variable: error E:\wamp\www\yuwan\Application\Runtime\Cache\Admin\dcfb7ddaab59bfbce2ddc9c860debad0.php 第 116 行.
INFO: Run Behavior\ParseTemplateBehavior [ RunTime:0.178841s ]
INFO: [ view_parse ] --END-- [ RunTime:0.179343s ]
INFO: [ view_filter ] --START--
INFO: Run Behavior\WriteHtmlCacheBehavior [ RunTime:0.001172s ]
INFO: [ view_filter ] --END-- [ RunTime:0.001422s ]
INFO: [ app_end ] --START--
INFO: Run Behavior\ShowPageTraceBehavior [ RunTime:0.001564s ]
INFO: [ app_end ] --END-- [ RunTime:0.001821s ]

[ 2016-11-01T21:50:11+08:00 ] 127.0.0.1 /www/yuwan/admin.php?m=Admin&c=auth&a=verify
INFO: [ app_init ] --START--
INFO: Run Behavior\BuildLiteBehavior [ RunTime:0.000037s ]
INFO: [ app_init ] --END-- [ RunTime:0.000726s ]
INFO: [ app_begin ] --START--
INFO: Run Behavior\ReadHtmlCacheBehavior [ RunTime:0.001135s ]
INFO: [ app_begin ] --END-- [ RunTime:0.001399s ]
INFO: [ app_end ] --START--
INFO: Run Behavior\ShowPageTraceBehavior [ RunTime:0.001056s ]
INFO: [ app_end ] --END-- [ RunTime:0.001260s ]

